Change Component Designator: Old Designator=C19 New Designator=C15
Change Component Designator: Old Designator=C20 New Designator=C16
Change Component Designator: Old Designator=C21 New Designator=C17
Change Component Designator: Old Designator=IC2 New Designator=IC1
Change Component Designator: Old Designator=R5 New Designator=R1
Change Component Designator: Old Designator=R6 New Designator=R2
Change Component Designator: Old Designator=R7 New Designator=R3
Change Component Designator: Old Designator=R8 New Designator=R4
Change Component Designator: Old Designator=R9 New Designator=R5
Change Component Designator: Old Designator=R? New Designator=R6
Change Component Designator: Old Designator=R? New Designator=R7
Change Component Designator: Old Designator=R? New Designator=R8
Change Component Designator: Old Designator=R? New Designator=R9
Change Component Designator: Old Designator=R? New Designator=R10
Change Component Designator: Old Designator=R? New Designator=R11
Change Component Designator: Old Designator=R? New Designator=R12
Change Component Designator: Old Designator=U? New Designator=U4
Change Component Designator: Old Designator=VD3 New Designator=VD1
Change Component Designator: Old Designator=VD4 New Designator=VD2
Change Component Designator: Old Designator=X13 New Designator=X11
Change Component Designator: Old Designator=X? New Designator=X12
Change Component Designator: Old Designator=X? New Designator=X13
