Change Component Designator: Old Designator=C11 New Designator=C5
Change Component Designator: Old Designator=C12 New Designator=C6
Change Component Designator: Old Designator=C13 New Designator=C7
Change Component Designator: Old Designator=C14 New Designator=C9
Change Component Designator: Old Designator=C? New Designator=C8
Change Component Designator: Old Designator=K? New Designator=K1
Change Component Designator: Old Designator=K? New Designator=K2
Change Component Designator: Old Designator=K? New Designator=K3
Change Component Designator: Old Designator=K? New Designator=K4
Change Component Designator: Old Designator=K? New Designator=K5
Change Component Designator: Old Designator=K? New Designator=K6
Change Component Designator: Old Designator=K? New Designator=K7
Change Component Designator: Old Designator=R3 New Designator=R1
Change Component Designator: Old Designator=R4 New Designator=R2
Change Component Designator: Old Designator=R5 New Designator=R3
Change Component Designator: Old Designator=R6 New Designator=R4
Change Component Designator: Old Designator=R7 New Designator=R5
Change Component Designator: Old Designator=R8 New Designator=R6
Change Component Designator: Old Designator=R9 New Designator=R7
Change Component Designator: Old Designator=R10 New Designator=R8
Change Component Designator: Old Designator=U3 New Designator=U2
Change Component Designator: Old Designator=U4 New Designator=U3
Change Component Designator: Old Designator=U? New Designator=U1
Change Component Designator: Old Designator=VD2 New Designator=VD1
Change Component Designator: Old Designator=VD3 New Designator=VD2
Change Component Designator: Old Designator=X8 New Designator=X2
Change Component Designator: Old Designator=X9 New Designator=X3
Change Component Designator: Old Designator=X10 New Designator=X4
Change Component Designator: Old Designator=X11 New Designator=X5
Change Component Designator: Old Designator=X12 New Designator=X6
Change Component Designator: Old Designator=X13 New Designator=X7
Change Component Designator: Old Designator=X14 New Designator=X8
Change Component Designator: Old Designator=X15 New Designator=X9
Change Component Designator: Old Designator=X16 New Designator=X10
Change Component Designator: Old Designator=X17 New Designator=X11
Change Component Designator: Old Designator=X18 New Designator=X12
Change Component Designator: Old Designator=X19 New Designator=X13
Change Component Designator: Old Designator=X20 New Designator=X14
Change Component Designator: Old Designator=X21 New Designator=X15
