Change Component Designator: Old Designator=C? New Designator=C1
Change Component Designator: Old Designator=C? New Designator=C2
Change Component Designator: Old Designator=K? New Designator=K1
Change Component Designator: Old Designator=K? New Designator=K2
Change Component Designator: Old Designator=K? New Designator=K3
Change Component Designator: Old Designator=K? New Designator=K4
Change Component Designator: Old Designator=K? New Designator=K5
Change Component Designator: Old Designator=K? New Designator=K6
Change Component Designator: Old Designator=K? New Designator=K7
Change Component Designator: Old Designator=K? New Designator=K1
Change Component Designator: Old Designator=K? New Designator=K2
Change Component Designator: Old Designator=K? New Designator=K3
Change Component Designator: Old Designator=K? New Designator=K4
Change Component Designator: Old Designator=K? New Designator=K5
Change Component Designator: Old Designator=K? New Designator=K6
Change Component Designator: Old Designator=K? New Designator=K7
Change Component Designator: Old Designator=U? New Designator=U1
Change Component Designator: Old Designator=U? New Designator=U2
Change Component Designator: Old Designator=U? New Designator=U3
Change Component Designator: Old Designator=VT? New Designator=VT1
Change Component Designator: Old Designator=VT? New Designator=VT2
Change Component Designator: Old Designator=X? New Designator=X1
Change Component Designator: Old Designator=X? New Designator=X2
Change Component Designator: Old Designator=X? New Designator=X3
Change Component Designator: Old Designator=X? New Designator=X4
Change Component Designator: Old Designator=X? New Designator=X5
Change Component Designator: Old Designator=X? New Designator=X6
Change Component Designator: Old Designator=X? New Designator=X7
Change Component Designator: Old Designator=X? New Designator=X8
Change Component Designator: Old Designator=X? New Designator=X9
Change Component Designator: Old Designator=X? New Designator=X10
Change Component Designator: Old Designator=X? New Designator=X11
