Change Component Designator: OldDesignator=C1 NewDesignator=C3
Change Component Designator: OldDesignator=C2 NewDesignator=C4
Change Component Designator: OldDesignator=C3 NewDesignator=C5
Change Component Designator: OldDesignator=C4 NewDesignator=C6
Change Component Designator: OldDesignator=C5 NewDesignator=C7
Change Component Designator: OldDesignator=C6 NewDesignator=C8
Change Component Designator: OldDesignator=C7 NewDesignator=C9
Change Component Designator: OldDesignator=C8 NewDesignator=C10
Change Component Designator: OldDesignator=C9 NewDesignator=C11
Change Component Designator: OldDesignator=C10 NewDesignator=C12
Change Component Designator: OldDesignator=C11 NewDesignator=C13
Change Component Designator: OldDesignator=C12 NewDesignator=C14
Change Component Designator: OldDesignator=C13 NewDesignator=C15
Change Component Designator: OldDesignator=C14 NewDesignator=C16
Change Component Designator: OldDesignator=C15 NewDesignator=C17
Change Component Designator: OldDesignator=C16 NewDesignator=C18
Change Component Designator: OldDesignator=C17 NewDesignator=C19
Change Component Designator: OldDesignator=C18 NewDesignator=C20
Change Component Designator: OldDesignator=C19 NewDesignator=C21
Change Component Designator: OldDesignator=C20 NewDesignator=C22
Change Component Designator: OldDesignator=C21 NewDesignator=C23
Change Component Designator: OldDesignator=C22 NewDesignator=C24
Change Component Designator: OldDesignator=C23 NewDesignator=C25
Change Component Designator: OldDesignator=C24 NewDesignator=C26
Change Component Designator: OldDesignator=C? NewDesignator=C1
Change Component Designator: OldDesignator=C? NewDesignator=C2
Change Net Name : Old Net Name=NetC1_2 New Net Name=NetC3_2
Change Net Name : Old Net Name=NetC2_2 New Net Name=NetC4_2
Change Net Name : Old Net Name=NetC3_2 New Net Name=NetC5_2
Change Net Name : Old Net Name=NetC4_2 New Net Name=NetC6_2
Change Net Name : Old Net Name=NetC5_2 New Net Name=NetC7_2
Change Net Name : Old Net Name=NetC6_2 New Net Name=NetC8_2
Change Net Name : Old Net Name=NetC16_2 New Net Name=NetC18_2
Change Net Name : Old Net Name=NetC17_2 New Net Name=NetC19_2
Added Member To Class: ClassName=Relay Member=Component C1 Ceramic capacitor, 0.1?F, X7R, ±10%, 50V, 1206, -55...+125°C
Added Room: Name=Ext_PTT_and_Indication
Added Room: Name=JTAG_Connector
Added Room: Name=MCU
Added Room: Name=Power_Supply
Added Room: Name=Relay
