Removed Member From Class: ClassName=MCU Member=R4
Change Component Comment : Designator=L1 Old Comment=Fixed inductor, 100?H, ±20%, SDR0403, 1.7A, -40...+125°C New Comment=Fixed inductor, 33?H, ±20%, SDR0403, 1.7A, -40...+125°C
Change Component Comment : Designator=L2 Old Comment=Fixed inductor, 100?H, ±20%, SDR0403, 1.7A, -40...+125°C New Comment=Fixed inductor, 33?H, ±20%, SDR0403, 1.7A, -40...+125°C
Change component parameters: Designator = "L1" ("L1"); Footprint = "SRR1208-101YL"; UniqueID = "\PNVDADOI" ("\PNVDADOI")
Change component parameters (AddParameter): Name = "HelpURL"; Value = "https://www.digikey.com/product-detail/en/bourns-inc/SDR0403-4R7ML/SDR0403-4R7MLCT-ND/2127096"; VariantName = "[No Variations]"
Change component parameters (AddParameter): Name = "Manufacturer"; Value = "Bourns"; VariantName = "[No Variations]"
Change component parameters (AddParameter): Name = "MaxCurrent"; Value = "1.7A"; VariantName = "[No Variations]"
Change component parameters (AddParameter): Name = "Package"; Value = "SDR0403"; VariantName = "[No Variations]"
Change component parameters (AddParameter): Name = "PartNumber"; Value = "SDR0403-4R7ML"; VariantName = "[No Variations]"
Change component parameters (AddParameter): Name = "Temperature"; Value = "-40...+125°C"; VariantName = "[No Variations]"
Change component parameters (AddParameter): Name = "Tolerance"; Value = "±20%"; VariantName = "[No Variations]"
Change component parameters (AddParameter): Name = "TypeInductor"; Value = "Fixed inductor"; VariantName = "[No Variations]"
Change component parameters (AddParameter): Name = "Value"; Value = "33?H"; VariantName = "[No Variations]"
Change component parameters (AddParameter): Name = "ValueManufacturerPartNumber"; Value = "Fixed inductor, 33?H, ±20%, SDR0403, 1.7A, -40...+125°C"; VariantName = "[No Variations]"
Change component parameters: Designator = "L2" ("L2"); Footprint = "SRR1208-101YL"; UniqueID = "\PQBEEPLU" ("\PQBEEPLU")
Change component parameters (AddParameter): Name = "HelpURL"; Value = "https://www.digikey.com/product-detail/en/bourns-inc/SDR0403-4R7ML/SDR0403-4R7MLCT-ND/2127096"; VariantName = "[No Variations]"
Change component parameters (AddParameter): Name = "Manufacturer"; Value = "Bourns"; VariantName = "[No Variations]"
Change component parameters (AddParameter): Name = "MaxCurrent"; Value = "1.7A"; VariantName = "[No Variations]"
Change component parameters (AddParameter): Name = "Package"; Value = "SDR0403"; VariantName = "[No Variations]"
Change component parameters (AddParameter): Name = "PartNumber"; Value = "SDR0403-4R7ML"; VariantName = "[No Variations]"
Change component parameters (AddParameter): Name = "Temperature"; Value = "-40...+125°C"; VariantName = "[No Variations]"
Change component parameters (AddParameter): Name = "Tolerance"; Value = "±20%"; VariantName = "[No Variations]"
Change component parameters (AddParameter): Name = "TypeInductor"; Value = "Fixed inductor"; VariantName = "[No Variations]"
Change component parameters (AddParameter): Name = "Value"; Value = "33?H"; VariantName = "[No Variations]"
Change component parameters (AddParameter): Name = "ValueManufacturerPartNumber"; Value = "Fixed inductor, 33?H, ±20%, SDR0403, 1.7A, -40...+125°C"; VariantName = "[No Variations]"
Added Pin To Net: NetName=NetR1_2 Pin=U3-29
Added Member To Class: ClassName=MCU Member=Component R1 Resistor film, 10k, , 1206, 0.25W, -55...+125°C
Added Member To Class: ClassName=Ext_PTT_and_Indication Member=Component R2 Resistor film, 51k, , 1206, 0.25W, -55...+125°C
Added Member To Class: ClassName=Ext_PTT_and_Indication Member=Component R3 Resistor film, 22k, , 1206, 0.25W, -55...+125°C
Added Member To Class: ClassName=Ext_PTT_and_Indication Member=Component R6 Resistor film, 510R, , 1206, 0.25W, -55...+125°C
Added Member To Class: ClassName=Ext_PTT_and_Indication Member=Component R7 Resistor film, 510R, , 1206, 0.25W, -55...+125°C
Added Member To Class: ClassName=Ext_PTT_and_Indication Member=Component R9 Resistor film, 510R, , 1206, 0.25W, -55...+125°C
Added Member To Class: ClassName=Ext_PTT_and_Indication Member=Component R10 Resistor film, 510R, , 1206, 0.25W, -55...+125°C
Added Member To Class: ClassName=Ext_PTT_and_Indication Member=Component R12 Resistor film, 510R, , 1206, 0.25W, -55...+125°C
Added Member To Class: ClassName=JTAG_Connector Member=Component R15 Resistor film, 10k, ±5%, 1206, 0.25W, -55...+125°C
Added Member To Class: ClassName=JTAG_Connector Member=Component R17 Resistor film, 10k, ±5%, 1206, 0.25W, -55...+125°C
Added Room: Name=Ext_PTT_and_Indication
Added Room: Name=JTAG_Connector
Added Room: Name=MCU
Added Room: Name=Power_Supply
Added Room: Name=Relay
