Removed Pin From Net: NetName=+5 Pin=C2-2
Removed Pin From Net: NetName=+5 Pin=C31-2
Removed Pin From Net: NetName=+5 Pin=C35-2
Removed Pin From Net: NetName=+3V3 Pin=U2-1
Removed Pin From Net: NetName=+3V3 Pin=U2-2
Removed Pin From Net: NetName=+5 Pin=U2-23
Removed Pin From Net: NetName=+5 Pin=U2-24
Removed Pin From Net: NetName=NetU2_4 Pin=U3-87
Removed Pin From Net: NetName=NetU2_3 Pin=U3-88
Removed Pin From Net: NetName=+3V3 Pin=U8-1
Removed Pin From Net: NetName=+3V3 Pin=U8-2
Removed Pin From Net: NetName=NetU7_15 Pin=U8-3
Removed Pin From Net: NetName=NetU7_1 Pin=U8-4
Removed Pin From Net: NetName=NetU7_2 Pin=U8-5
Removed Pin From Net: NetName=NetU7_3 Pin=U8-6
Removed Pin From Net: NetName=NetU7_4 Pin=U8-7
Removed Pin From Net: NetName=NetU7_5 Pin=U8-8
Removed Pin From Net: NetName=NetU7_6 Pin=U8-9
Removed Pin From Net: NetName=NetU7_7 Pin=U8-10
Removed Pin From Net: NetName=+5 Pin=U8-23
Removed Pin From Net: NetName=+5 Pin=U8-24
Removed Pin From Net: NetName=+3V3 Pin=U10-1
Removed Pin From Net: NetName=+3V3 Pin=U10-2
Removed Pin From Net: NetName=NetU9_15 Pin=U10-3
Removed Pin From Net: NetName=NetU9_1 Pin=U10-4
Removed Pin From Net: NetName=NetU9_2 Pin=U10-5
Removed Pin From Net: NetName=NetU9_3 Pin=U10-6
Removed Pin From Net: NetName=NetU9_4 Pin=U10-7
Removed Pin From Net: NetName=NetU9_5 Pin=U10-8
Removed Pin From Net: NetName=NetU9_6 Pin=U10-9
Removed Pin From Net: NetName=NetU9_7 Pin=U10-10
Removed Pin From Net: NetName=+5 Pin=U10-23
Removed Pin From Net: NetName=+5 Pin=U10-24
Added Pin To Net: NetName=+3V3 Pin=C2-2
Added Pin To Net: NetName=+3V3 Pin=C31-2
Added Pin To Net: NetName=+3V3 Pin=C35-2
Added Pin To Net: NetName=+5 Pin=U2-1
Added Pin To Net: NetName=GND Pin=U2-2
Added Pin To Net: NetName=+3V3 Pin=U2-23
Added Pin To Net: NetName=+3V3 Pin=U2-24
Added Pin To Net: NetName=+5 Pin=U8-1
Added Pin To Net: NetName=GND Pin=U8-2
Added Pin To Net: NetName=NetU7_7 Pin=U8-14
Added Pin To Net: NetName=NetU7_6 Pin=U8-15
Added Pin To Net: NetName=NetU7_5 Pin=U8-16
Added Pin To Net: NetName=NetU7_4 Pin=U8-17
Added Pin To Net: NetName=NetU7_3 Pin=U8-18
Added Pin To Net: NetName=NetU7_2 Pin=U8-19
Added Pin To Net: NetName=NetU7_1 Pin=U8-20
Added Pin To Net: NetName=NetU7_15 Pin=U8-21
Added Pin To Net: NetName=+3V3 Pin=U8-23
Added Pin To Net: NetName=+3V3 Pin=U8-24
Added Pin To Net: NetName=+5 Pin=U10-1
Added Pin To Net: NetName=GND Pin=U10-2
Added Pin To Net: NetName=NetU9_7 Pin=U10-14
Added Pin To Net: NetName=NetU9_6 Pin=U10-15
Added Pin To Net: NetName=NetU9_5 Pin=U10-16
Added Pin To Net: NetName=NetU9_4 Pin=U10-17
Added Pin To Net: NetName=NetU9_3 Pin=U10-18
Added Pin To Net: NetName=NetU9_2 Pin=U10-19
Added Pin To Net: NetName=NetU9_1 Pin=U10-20
Added Pin To Net: NetName=NetU9_15 Pin=U10-21
Added Pin To Net: NetName=+3V3 Pin=U10-23
Added Pin To Net: NetName=+3V3 Pin=U10-24
Added Pin To Net: NetName=NetU2_3 Pin=X5-1
Added Pin To Net: NetName=NetU2_4 Pin=X5-2
Added Pin To Net: NetName=NetU3_87 Pin=U3-87
Added Net: Name=NetU3_87
Added Pin To Net: NetName=NetU3_88 Pin=U3-88
Added Net: Name=NetU3_88
Added Pin To Net: NetName=NetU8_3 Pin=U8-3
Added Pin To Net: NetName=NetU8_3 Pin=X13-1
Added Net: Name=NetU8_3
Added Pin To Net: NetName=NetU8_4 Pin=U8-4
Added Pin To Net: NetName=NetU8_4 Pin=X13-2
Added Net: Name=NetU8_4
Added Pin To Net: NetName=NetU8_5 Pin=U8-5
Added Pin To Net: NetName=NetU8_5 Pin=X13-3
Added Net: Name=NetU8_5
Added Pin To Net: NetName=NetU8_6 Pin=U8-6
Added Pin To Net: NetName=NetU8_6 Pin=X13-4
Added Net: Name=NetU8_6
Added Pin To Net: NetName=NetU8_7 Pin=U8-7
Added Pin To Net: NetName=NetU8_7 Pin=X13-5
Added Net: Name=NetU8_7
Added Pin To Net: NetName=NetU8_8 Pin=U8-8
Added Pin To Net: NetName=NetU8_8 Pin=X13-6
Added Net: Name=NetU8_8
Added Pin To Net: NetName=NetU8_9 Pin=U8-9
Added Pin To Net: NetName=NetU8_9 Pin=X13-7
Added Net: Name=NetU8_9
Added Pin To Net: NetName=NetU8_10 Pin=U8-10
Added Pin To Net: NetName=NetU8_10 Pin=X13-8
Added Net: Name=NetU8_10
Added Pin To Net: NetName=NetU10_3 Pin=U10-3
Added Pin To Net: NetName=NetU10_3 Pin=X14-1
Added Net: Name=NetU10_3
Added Pin To Net: NetName=NetU10_4 Pin=U10-4
Added Pin To Net: NetName=NetU10_4 Pin=X14-2
Added Net: Name=NetU10_4
Added Pin To Net: NetName=NetU10_5 Pin=U10-5
Added Pin To Net: NetName=NetU10_5 Pin=X14-3
Added Net: Name=NetU10_5
Added Pin To Net: NetName=NetU10_6 Pin=U10-6
Added Pin To Net: NetName=NetU10_6 Pin=X14-4
Added Net: Name=NetU10_6
Added Pin To Net: NetName=NetU10_7 Pin=U10-7
Added Pin To Net: NetName=NetU10_7 Pin=X14-5
Added Net: Name=NetU10_7
Added Pin To Net: NetName=NetU10_8 Pin=U10-8
Added Pin To Net: NetName=NetU10_8 Pin=X14-6
Added Net: Name=NetU10_8
Added Pin To Net: NetName=NetU10_9 Pin=U10-9
Added Pin To Net: NetName=NetU10_9 Pin=X14-7
Added Net: Name=NetU10_9
Added Pin To Net: NetName=NetU10_10 Pin=U10-10
Added Pin To Net: NetName=NetU10_10 Pin=X14-8
Added Net: Name=NetU10_10
Added Room: Name=Ext_PTT_and_Indication
Added Room: Name=JTAG_Connector
Added Room: Name=MCU
Added Room: Name=Power_Supply
Added Room: Name=Relay
Added Room: Name=Shift_Regs
