Removed Pin From Net: NetName=NetR12_1 Pin=U4-14
Removed Pin From Net: NetName=NetR11_1 Pin=U4-15
Removed Pin From Net: NetName=NetR10_1 Pin=U4-16
Removed Pin From Net: NetName=NetR9_1 Pin=U4-17
Removed Pin From Net: NetName=NetR8_1 Pin=U4-18
Removed Pin From Net: NetName=NetR7_1 Pin=U4-19
Removed Pin From Net: NetName=NetR6_1 Pin=U4-20
Removed Pin From Net: NetName=NetR5_1 Pin=U4-21
Removed Member From Class: ClassName=Ext_PTT_and_Indication Member=U4
Change Component Footprint: Designator=R1 Old Footprint=AXIAL-0.3 New Footprint=RES: 1206
Change Component Footprint: Designator=R2 Old Footprint=AXIAL-0.3 New Footprint=RES: 1206
Change Component Footprint: Designator=R3 Old Footprint=AXIAL-0.3 New Footprint=RES: 1206
Change Component Footprint: Designator=R4 Old Footprint=AXIAL-0.3 New Footprint=RES: 1206
Change Component Footprint: Designator=R5 Old Footprint=AXIAL-0.3 New Footprint=RES: 1206
Change Component Footprint: Designator=R6 Old Footprint=AXIAL-0.3 New Footprint=RES: 1206
Change Component Footprint: Designator=R7 Old Footprint=AXIAL-0.3 New Footprint=RES: 1206
Change Component Footprint: Designator=R8 Old Footprint=AXIAL-0.3 New Footprint=RES: 1206
Change Component Footprint: Designator=R9 Old Footprint=AXIAL-0.3 New Footprint=RES: 1206
Change Component Footprint: Designator=R10 Old Footprint=AXIAL-0.3 New Footprint=RES: 1206
Change Component Footprint: Designator=R11 Old Footprint=AXIAL-0.3 New Footprint=RES: 1206
Change Component Footprint: Designator=R12 Old Footprint=AXIAL-0.3 New Footprint=RES: 1206
Added Pin To Net: NetName=NetR7_1 Pin=U3-1
Added Pin To Net: NetName=NetR8_1 Pin=U3-2
Added Pin To Net: NetName=NetR9_1 Pin=U3-3
Added Pin To Net: NetName=NetR10_1 Pin=U3-4
Added Pin To Net: NetName=NetR11_1 Pin=U3-5
Added Pin To Net: NetName=NetR12_1 Pin=U3-38
Added Pin To Net: NetName=NetR5_1 Pin=U3-97
Added Pin To Net: NetName=NetR6_1 Pin=U3-98
Added Room: Name=Ext_PTT_and_Indication
Added Room: Name=JTAG_Connector
Added Room: Name=MCU
Added Room: Name=Power_Supply
Added Room: Name=Relay
