Change Component Footprint: Designator=Z? Old Footprint=CTS-ATS-SM-XTAL-2 New Footprint=CTS-ATS-SM-XTAL-2
Change Component Designator: OldDesignator=C3 NewDesignator=C4
Change Component Designator: OldDesignator=C4 NewDesignator=C5
Change Component Designator: OldDesignator=C5 NewDesignator=C6
Change Component Designator: OldDesignator=C6 NewDesignator=C7
Change Component Designator: OldDesignator=C7 NewDesignator=C8
Change Component Designator: OldDesignator=C8 NewDesignator=C9
Change Component Designator: OldDesignator=C9 NewDesignator=C10
Change Component Designator: OldDesignator=C10 NewDesignator=C11
Change Component Designator: OldDesignator=C11 NewDesignator=C12
Change Component Designator: OldDesignator=C12 NewDesignator=C13
Change Component Designator: OldDesignator=C13 NewDesignator=C14
Change Component Designator: OldDesignator=C14 NewDesignator=C15
Change Component Designator: OldDesignator=C15 NewDesignator=C16
Change Component Designator: OldDesignator=C16 NewDesignator=C17
Change Component Designator: OldDesignator=C17 NewDesignator=C18
Change Component Designator: OldDesignator=C18 NewDesignator=C19
Change Component Designator: OldDesignator=C19 NewDesignator=C20
Change Component Designator: OldDesignator=C20 NewDesignator=C21
Change Component Designator: OldDesignator=C21 NewDesignator=C22
Change Component Designator: OldDesignator=C22 NewDesignator=C23
Change Component Designator: OldDesignator=C23 NewDesignator=C24
Change Component Designator: OldDesignator=C? NewDesignator=C2
Change Component Designator: OldDesignator=C? NewDesignator=C3
Change Component Designator: OldDesignator=Z? NewDesignator=Z1
Change Net Name : Old Net Name=NetC3_2 New Net Name=NetC4_2
Change Net Name : Old Net Name=NetC4_2 New Net Name=NetC5_2
Change Net Name : Old Net Name=NetC5_2 New Net Name=NetC6_2
Change Net Name : Old Net Name=NetC15_2 New Net Name=NetC16_2
Change Net Name : Old Net Name=NetC16_2 New Net Name=NetC17_2
Change Net Name : Old Net Name=NetC?_2 New Net Name=NetC3_2
Added Pin To Net: NetName=NetC2_2 Pin=C2-2
Added Pin To Net: NetName=NetC2_2 Pin=U3-12
Added Pin To Net: NetName=NetC2_2 Pin=Z1-2
Added Net: Name=NetC2_2
Added Member To Class: ClassName=MCU Member=Component C15 Ceramic capacitor, 0.1?F, X7R, ±10%, 16V, 0805, -55...+125°C
Added Room: Name=MCU
