Removed Pin From Net: NetName=GND Pin=C1-1
Removed Pin From Net: NetName=+5 Pin=C1-2
Removed Pin From Net: NetName=GND Pin=C2-1
Removed Pin From Net: NetName=+5 Pin=C2-2
Removed Pin From Net: NetName=+5 Pin=C21-2
Removed Pin From Net: NetName=NetC19_1 Pin=IC2-1
Removed Pin From Net: NetName=NetC20_1 Pin=IC2-3
Removed Pin From Net: NetName=GND Pin=IC2-7
Removed Pin From Net: NetName=+5 Pin=IC2-14
Removed Pin From Net: NetName=NetR9_1 Pin=R9-1
Removed Pin From Net: NetName=NetR9_2 Pin=R9-2
Removed Pin From Net: NetName=GND Pin=U1-8
Removed Pin From Net: NetName=+12 Pin=U1-9
Removed Pin From Net: NetName=NetK7_1 Pin=U1-10
Removed Pin From Net: NetName=NetK6_1 Pin=U1-11
Removed Pin From Net: NetName=NetK5_1 Pin=U1-12
Removed Pin From Net: NetName=NetK4_1 Pin=U1-13
Removed Pin From Net: NetName=NetK3_1 Pin=U1-14
Removed Pin From Net: NetName=NetK2_1 Pin=U1-15
Removed Pin From Net: NetName=NetK1_1 Pin=U1-16
Removed Pin From Net: NetName=+5 Pin=U2-2
Removed Pin From Net: NetName=GND Pin=U2-4
Removed Pin From Net: NetName=+5 Pin=U3-2
Removed Pin From Net: NetName=GND Pin=U3-4
Removed Pin From Net: NetName=NetU3_5 Pin=U3-5
Removed Pin From Net: NetName=+5 Pin=VT1-3
Removed Pin From Net: NetName=+5 Pin=VT1-3
Removed Pin From Net: NetName=+5 Pin=VT1-3
Removed Pin From Net: NetName=+5 Pin=VT1-3
Removed Pin From Net: NetName=NetU3_5 Pin=VT2-2
Removed Pin From Net: NetName=GND Pin=X6-3
Removed Pin From Net: NetName=GND Pin=X9-2
Removed Pin From Net: NetName=GND Pin=X11-3
Removed Pin From Net: NetName=NetR9_2 Pin=X?-1
Removed Pin From Net: NetName=GND Pin=X?-2
Removed Pin From Net: NetName=GND Pin=X?-4
Removed Pin From Net: NetName=GND Pin=X?-6
Removed Pin From Net: NetName=GND Pin=X?-8
Removed Pin From Net: NetName=GND Pin=X?-10
Removed Pin From Net: NetName=GND Pin=X?-12
Removed Member From Class: ClassName=Relay Member=C1
Removed Member From Class: ClassName=Relay Member=C2
Removed Member From Class: ClassName=MCU Member=C?
Removed Member From Class: ClassName=Ext_PTT_and_Indication Member=IC2
Removed Member From Class: ClassName=JTAG_Connector Member=R?
Removed Member From Class: ClassName=Relay Member=U3
Removed Member From Class: ClassName=Relay Member=VT1
Removed Member From Class: ClassName=Relay Member=VT2
Removed Member From Class: ClassName=Relay Member=X10
Removed Member From Class: ClassName=Relay Member=X11
Removed Member From Class: ClassName=Ext_PTT_and_Indication Member=X?
Removed Member From Class: ClassName=MCU Member=X?
Change Component Footprint: Designator=X9 Old Footprint=2EDGR-5.08-02P New Footprint=2EDGR-5.08-03P
Change Component Footprint: Designator=U5 Old Footprint=FP-KTT0005B-MFG New Footprint=FP-KTT0005B-MFG
Change Component Footprint: Designator=U? Old Footprint=FP-KTT0005B-MFG New Footprint=FP-KTT0005B-MFG
Change Component Footprint: Designator=U2 Old Footprint=SOT-23-OT5_L New Footprint=FP-DW0024A-MFG
Change Component Footprint: Designator=U1 Old Footprint=STM-DIP-16L New Footprint=FP-DW0018A-MFG
Change Component Comment : Designator=U2 Old Comment=MCP1415T-E/OT New Comment=SN74LVC4245ADW
Change Component Comment : Designator=U1 Old Comment=ULN2003A New Comment=ULN2803ADWRG4
Change Component Designator: OldDesignator=C3 NewDesignator=C2
Change Component Designator: OldDesignator=C4 NewDesignator=C3
Change Component Designator: OldDesignator=C5 NewDesignator=C4
Change Component Designator: OldDesignator=C6 NewDesignator=C5
Change Component Designator: OldDesignator=C7 NewDesignator=C6
Change Component Designator: OldDesignator=C8 NewDesignator=C7
Change Component Designator: OldDesignator=C9 NewDesignator=C8
Change Component Designator: OldDesignator=C10 NewDesignator=C9
Change Component Designator: OldDesignator=C11 NewDesignator=C10
Change Component Designator: OldDesignator=C12 NewDesignator=C11
Change Component Designator: OldDesignator=C13 NewDesignator=C12
Change Component Designator: OldDesignator=C14 NewDesignator=C13
Change Component Designator: OldDesignator=C15 NewDesignator=C14
Change Component Designator: OldDesignator=C19 NewDesignator=C15
Change Component Designator: OldDesignator=C20 NewDesignator=C16
Change Component Designator: OldDesignator=C21 NewDesignator=C17
Change Component Designator: OldDesignator=C22 NewDesignator=C18
Change Component Designator: OldDesignator=C23 NewDesignator=C19
Change Component Designator: OldDesignator=C? NewDesignator=C1
Change Component Designator: OldDesignator=C? NewDesignator=C20
Change Component Designator: OldDesignator=C? NewDesignator=C21
Change Component Designator: OldDesignator=D? NewDesignator=D1
Change Component Designator: OldDesignator=L? NewDesignator=L2
Change Component Designator: OldDesignator=R5 NewDesignator=R1
Change Component Designator: OldDesignator=R6 NewDesignator=R2
Change Component Designator: OldDesignator=R7 NewDesignator=R3
Change Component Designator: OldDesignator=R8 NewDesignator=R4
Change Component Designator: OldDesignator=R9 NewDesignator=R5
Change Component Designator: OldDesignator=R? NewDesignator=R6
Change Component Designator: OldDesignator=R? NewDesignator=R7
Change Component Designator: OldDesignator=R? NewDesignator=R8
Change Component Designator: OldDesignator=R? NewDesignator=R9
Change Component Designator: OldDesignator=R? NewDesignator=R10
Change Component Designator: OldDesignator=R? NewDesignator=R13
Change Component Designator: OldDesignator=R? NewDesignator=R14
Change Component Designator: OldDesignator=R? NewDesignator=R15
Change Component Designator: OldDesignator=R? NewDesignator=R16
Change Component Designator: OldDesignator=R? NewDesignator=R17
Change Component Designator: OldDesignator=U4 NewDesignator=U3
Change Component Designator: OldDesignator=U? NewDesignator=U6
Change Component Designator: OldDesignator=VD3 NewDesignator=VD1
Change Component Designator: OldDesignator=VD4 NewDesignator=VD2
Change Component Designator: OldDesignator=VD5 NewDesignator=VD3
Change Component Designator: OldDesignator=VD? NewDesignator=VD4
Change Component Designator: OldDesignator=X7 NewDesignator=X6
Change Component Designator: OldDesignator=X8 NewDesignator=X7
Change Component Designator: OldDesignator=X10 NewDesignator=X8
Change Component Designator: OldDesignator=X13 NewDesignator=X11
Change Component Designator: OldDesignator=X15 NewDesignator=X14
Change Component Designator: OldDesignator=X? NewDesignator=X10
Change Component Designator: OldDesignator=X? NewDesignator=X15
Change Managed Component Library Link : Designator=U1 Old VaultGUID=B7D15EC3-160A-466F-A46C-7801FE6295A7 New VaultGUID=B7D15EC3-160A-466F-A46C-7801FE6295A7 Old ItemGUID=DC556E24-AD00-42F1-902D-8ECBDD4F8D42 New ItemGUID=E6ABB9FC-073F-46D6-94C0-AF53D66ECA47 Old RevisionGUID=E471A7F3-B427-4DC3-A1CE-7B40A9E304E4 New RevisionGUID=73A69571-7D72-438D-A536-C5525C4905F6
Change Managed Component Library Link : Designator=U2 Old VaultGUID=B7D15EC3-160A-466F-A46C-7801FE6295A7 New VaultGUID=B7D15EC3-160A-466F-A46C-7801FE6295A7 Old ItemGUID=931D1746-DCC5-447B-86D8-F956033407C8 New ItemGUID=25E756D8-433A-4A2F-B070-7B5FB613FF95 Old RevisionGUID=9E45BAC3-1EC6-424B-9AD2-81E3C9495E6C New RevisionGUID=0202286C-A22D-4D24-B593-C2D0BA24B9A2
Change component parameters: Designator = "U1" ("U1"); Footprint = "STM-DIP-16L"; UniqueID = "\EUKKVKWJ" ("\EUKKVKWJ")
Change component parameters (AddParameter): Name = "Ambient Temperature Range High"; Value = "+85°C"; VariantName = "[No Variations]"
Change component parameters (AddParameter): Name = "Ambient Temperature Range Low"; Value = "-40°C"; VariantName = "[No Variations]"
Change component parameters (AddParameter): Name = "Automotive"; Value = "No"; VariantName = "[No Variations]"
Change component parameters (AddParameter): Name = "Category"; Value = "IC"; VariantName = "[No Variations]"
Change component parameters (AddParameter): Name = "ComponentLink2Description"; Value = "Datasheet"; VariantName = "[No Variations]"
Change component parameters (AddParameter): Name = "ComponentLink2URL"; Value = "http://www.ti.com/lit/ds/symlink/uln2803a.pdf"; VariantName = "[No Variations]"
Change component parameters (AddParameter): Name = "Device Class L1"; Value = "Integrated Circuits (ICs)"; VariantName = "[No Variations]"
Change component parameters (AddParameter): Name = "Device Class L2"; Value = "Power Management ICs"; VariantName = "[No Variations]"
Change component parameters (AddParameter): Name = "Device Class L3"; Value = "Gate Drivers"; VariantName = "[No Variations]"
Change component parameters (AddParameter): Name = "Digikey Description"; Value = "TRANS 8NPN DARL 50V 0.5A 18SO"; VariantName = "[No Variations]"
Change component parameters (AddParameter): Name = "Height"; Value = "2.65mm"; VariantName = "[No Variations]"
Change component parameters (AddParameter): Name = "Ipc Land Pattern Name"; Value = "SOIC127P1030X265-18"; VariantName = "[No Variations]"
Change component parameters (AddParameter): Name = "Lead Free"; Value = "Yes"; VariantName = "[No Variations]"
Change component parameters (AddParameter): Name = "Manufacturer"; Value = "Texas Instruments"; VariantName = "[No Variations]"
Change component parameters (AddParameter): Name = "Manufacturer Part Number"; Value = "ULN2803ADWRG4"; VariantName = "[No Variations]"
Change component parameters (AddParameter): Name = "Max Junction Temp"; Value = "+150°C"; VariantName = "[No Variations]"
Change component parameters (AddParameter): Name = "Mouser Description"; Value = "Darlington Transistors TRANSISTOR ARRAYS"; VariantName = "[No Variations]"
Change component parameters (AddParameter): Name = "Nominal Supply Current"; Value = "0.93mA"; VariantName = "[No Variations]"
Change component parameters (AddParameter): Name = "Number Of Drivers"; Value = "8"; VariantName = "[No Variations]"
Change component parameters (AddParameter): Name = "Number Of Outputs"; Value = "8"; VariantName = "[No Variations]"
Change component parameters (AddParameter): Name = "Octopart"; Value = "https://octopart.com/uln2803adwrg4-texas+instruments-2343640"; VariantName = "[No Variations]"
Change component parameters (AddParameter): Name = "Output Current"; Value = "500mA"; VariantName = "[No Variations]"
Change component parameters (AddParameter): Name = "Output Voltage"; Value = "50V"; VariantName = "[No Variations]"
Change component parameters (AddParameter): Name = "Package"; Value = "DW0018A"; VariantName = "[No Variations]"
Change component parameters (AddParameter): Name = "RoHS"; Value = "TRUE"; VariantName = "[No Variations]"
Change component parameters (AddParameter): Name = "Standoff Height"; Value = "0.1mm"; VariantName = "[No Variations]"
Change component parameters (AddParameter): Name = "Temperature"; Value = "-40°C to +85°C"; VariantName = "[No Variations]"
Change component parameters (AddParameter): Name = "Temperature Range High"; Value = "+85°C"; VariantName = "[No Variations]"
Change component parameters (AddParameter): Name = "Temperature Range Low"; Value = "-40°C"; VariantName = "[No Variations]"
Change component parameters (AddParameter): Name = "Turn Off Delay Time"; Value = "130ns"; VariantName = "[No Variations]"
Change component parameters (AddParameter): Name = "Turn On Delay Time"; Value = "20ns"; VariantName = "[No Variations]"
Change component parameters: Designator = "U2" ("U2"); Footprint = "SOT-23-OT5_L"; UniqueID = "\LRCEHBWS" ("\LRCEHBWS")
Change component parameters (AddParameter): Name = "Case/Package"; Value = "SOIC"; VariantName = "[No Variations]"
Change component parameters (AddParameter): Name = "Contact Plating"; Value = "Gold"; VariantName = "[No Variations]"
Change component parameters (AddParameter): Name = "Direction"; Value = "Bidirectional"; VariantName = "[No Variations]"
Change component parameters (AddParameter): Name = "Height"; Value = "2.35mm"; VariantName = "[No Variations]"
Change component parameters (AddParameter): Name = "High Level Output Current"; Value = "-24mA"; VariantName = "[No Variations]"
Change component parameters (AddParameter): Name = "Lead Free"; Value = "Lead Free"; VariantName = "[No Variations]"
Change component parameters (AddParameter): Name = "Length"; Value = "15.4mm"; VariantName = "[No Variations]"
Change component parameters (AddParameter): Name = "Logic Function"; Value = "Translator"; VariantName = "[No Variations]"
Change component parameters (AddParameter): Name = "Low Level Output Current"; Value = "24mA"; VariantName = "[No Variations]"
Change component parameters (AddParameter): Name = "Max Operating Temperature"; Value = "85°C"; VariantName = "[No Variations]"
Change component parameters (AddParameter): Name = "Max Supply Current"; Value = "80uA"; VariantName = "[No Variations]"
Change component parameters (AddParameter): Name = "Max Supply Voltage"; Value = "5.5V"; VariantName = "[No Variations]"
Change component parameters (AddParameter): Name = "Min Operating Temperature"; Value = "-40°C"; VariantName = "[No Variations]"
Change component parameters (AddParameter): Name = "Min Supply Voltage"; Value = "4.5V"; VariantName = "[No Variations]"
Change component parameters (AddParameter): Name = "Mount"; Value = "Surface Mount"; VariantName = "[No Variations]"
Change component parameters (AddParameter): Name = "Number of Bits"; Value = "8"; VariantName = "[No Variations]"
Change component parameters (AddParameter): Name = "Number of Channels"; Value = "8"; VariantName = "[No Variations]"
Change component parameters (AddParameter): Name = "Number of Circuits"; Value = "8"; VariantName = "[No Variations]"
Change component parameters (AddParameter): Name = "Number of Elements"; Value = "1"; VariantName = "[No Variations]"
Change component parameters (AddParameter): Name = "Number of Outputs"; Value = "8"; VariantName = "[No Variations]"
Change component parameters (AddParameter): Name = "Number of Pins"; Value = "24"; VariantName = "[No Variations]"
Change component parameters (AddParameter): Name = "Operating Supply Voltage"; Value = "5V"; VariantName = "[No Variations]"
Change component parameters (AddParameter): Name = "Output Type"; Value = "Voltage"; VariantName = "[No Variations]"
Change component parameters (AddParameter): Name = "Package Quantity"; Value = "25"; VariantName = "[No Variations]"
Change component parameters (AddParameter): Name = "Packaging"; Value = "Rail/Tube"; VariantName = "[No Variations]"
Change component parameters (AddParameter): Name = "Polarity"; Value = "Non-Inverting"; VariantName = "[No Variations]"
Change component parameters (AddParameter): Name = "Propagation Delay"; Value = "9.8ns"; VariantName = "[No Variations]"
Change component parameters (AddParameter): Name = "Quiescent Current"; Value = "80uA"; VariantName = "[No Variations]"
Change component parameters (AddParameter): Name = "Radiation Hardening"; Value = "No"; VariantName = "[No Variations]"
Change component parameters (AddParameter): Name = "REACH SVHC"; Value = "No SVHC"; VariantName = "[No Variations]"
Change component parameters (AddParameter): Name = "RoHS Compliant"; Value = "Yes"; VariantName = "[No Variations]"
Change component parameters (AddParameter): Name = "Series"; Value = "74LVC"; VariantName = "[No Variations]"
Change component parameters (AddParameter): Name = "Technology"; Value = "CMOS"; VariantName = "[No Variations]"
Change component parameters (AddParameter): Name = "Turn-On Delay Time"; Value = "6.7ns"; VariantName = "[No Variations]"
Change component parameters (AddParameter): Name = "Weight"; Value = "0.022025oz"; VariantName = "[No Variations]"
Change component parameters (AddParameter): Name = "Width"; Value = "7.52mm"; VariantName = "[No Variations]"
Added Component: Designator=IC?(D0014A_N)
Add component (AddParameter): Name = "Arrow Part Number"; Value = "74HC14N,652"; VariantName = "[No Variations]"
Add component (AddParameter): Name = "Arrow Price/Stock"; Value = "https://www.arrow.com/en/products/74hc14n652/nexperia"; VariantName = "[No Variations]"
Add component (AddParameter): Name = "Datasheet Link"; Value = ""; VariantName = "[No Variations]"
Add component (AddParameter): Name = "Manufacturer_Name"; Value = "Nexperia"; VariantName = "[No Variations]"
Add component (AddParameter): Name = "Manufacturer_Part_Number"; Value = "74HC14N,652"; VariantName = "[No Variations]"
Add component (AddParameter): Name = "Mouser Part Number"; Value = ""; VariantName = "[No Variations]"
Add component (AddParameter): Name = "Mouser Price/Stock"; Value = ""; VariantName = "[No Variations]"
Added Component: Designator=K8(R2G1CH012)
Add component (AddParameter): Name = "HelpURL"; Value = "https://www.digikey.com/product-detail/en/omron-electronics-inc-emc-div/G5V-2-DC3/Z2185-ND/369042"; VariantName = "[No Variations]"
Add component (AddParameter): Name = "Manufacturer"; Value = "Omron"; VariantName = "[No Variations]"
Add component (AddParameter): Name = "MaxCurrent"; Value = "2A"; VariantName = "[No Variations]"
Add component (AddParameter): Name = "Package"; Value = "2NO+2NC"; VariantName = "[No Variations]"
Add component (AddParameter): Name = "PartNumber"; Value = "R2G1CH012"; VariantName = "[No Variations]"
Add component (AddParameter): Name = "Temperature"; Value = "-40...+85°C"; VariantName = "[No Variations]"
Add component (AddParameter): Name = "TypeRelay"; Value = "Electromechanics relay"; VariantName = "[No Variations]"
Add component (AddParameter): Name = "ValueManufacturerPartNumber"; Value = "Electromechanics relay, 3VDC, 125VAC, 2A, 2NO+2NC, -40...+85°C"; VariantName = "[No Variations]"
Add component (AddParameter): Name = "VoltageControlCoil"; Value = "3VDC"; VariantName = "[No Variations]"
Add component (AddParameter): Name = "VoltageMax"; Value = "125VAC"; VariantName = "[No Variations]"
Added Component: Designator=R11(AXIAL-0.3)
Add component (AddParameter): Name = "HelpURL"; Value = "https://www.digikey.com/product-detail/en/yageo/RC1206JR-07100RL/311-100ERCT-ND/732153"; VariantName = "[No Variations]"
Add component (AddParameter): Name = "Manufacturer"; Value = "Yageo"; VariantName = "[No Variations]"
Add component (AddParameter): Name = "Package"; Value = "1206"; VariantName = "[No Variations]"
Add component (AddParameter): Name = "PartNumber"; Value = "RC1206JR-07100RL"; VariantName = "[No Variations]"
Add component (AddParameter): Name = "Power"; Value = "0.25W"; VariantName = "[No Variations]"
Add component (AddParameter): Name = "Temperature"; Value = "-55...+125°C"; VariantName = "[No Variations]"
Add component (AddParameter): Name = "TypeResistor"; Value = "Resistor film"; VariantName = "[No Variations]"
Add component (AddParameter): Name = "Value"; Value = "220R"; VariantName = "[No Variations]"
Add component (AddParameter): Name = "ValueManufacturerPartNumber"; Value = "Resistor film, 220R, , 1206, 0.25W, -55...+125°C"; VariantName = "[No Variations]"
Added Component: Designator=R12(AXIAL-0.3)
Add component (AddParameter): Name = "HelpURL"; Value = "https://www.digikey.com/product-detail/en/yageo/RC1206JR-07100RL/311-100ERCT-ND/732153"; VariantName = "[No Variations]"
Add component (AddParameter): Name = "Manufacturer"; Value = "Yageo"; VariantName = "[No Variations]"
Add component (AddParameter): Name = "Package"; Value = "1206"; VariantName = "[No Variations]"
Add component (AddParameter): Name = "PartNumber"; Value = "RC1206JR-07100RL"; VariantName = "[No Variations]"
Add component (AddParameter): Name = "Power"; Value = "0.25W"; VariantName = "[No Variations]"
Add component (AddParameter): Name = "Temperature"; Value = "-55...+125°C"; VariantName = "[No Variations]"
Add component (AddParameter): Name = "TypeResistor"; Value = "Resistor film"; VariantName = "[No Variations]"
Add component (AddParameter): Name = "Value"; Value = "220R"; VariantName = "[No Variations]"
Add component (AddParameter): Name = "ValueManufacturerPartNumber"; Value = "Resistor film, 220R, , 1206, 0.25W, -55...+125°C"; VariantName = "[No Variations]"
Added Component: Designator=U4(FP-DW0024A-MFG)
Add component (AddParameter): Name = "Case/Package"; Value = "SOIC"; VariantName = "[No Variations]"
Add component (AddParameter): Name = "Contact Plating"; Value = "Gold"; VariantName = "[No Variations]"
Add component (AddParameter): Name = "Direction"; Value = "Bidirectional"; VariantName = "[No Variations]"
Add component (AddParameter): Name = "Height"; Value = "2.35mm"; VariantName = "[No Variations]"
Add component (AddParameter): Name = "High Level Output Current"; Value = "-24mA"; VariantName = "[No Variations]"
Add component (AddParameter): Name = "Lead Free"; Value = "Lead Free"; VariantName = "[No Variations]"
Add component (AddParameter): Name = "Length"; Value = "15.4mm"; VariantName = "[No Variations]"
Add component (AddParameter): Name = "Logic Function"; Value = "Translator"; VariantName = "[No Variations]"
Add component (AddParameter): Name = "Low Level Output Current"; Value = "24mA"; VariantName = "[No Variations]"
Add component (AddParameter): Name = "Max Operating Temperature"; Value = "85°C"; VariantName = "[No Variations]"
Add component (AddParameter): Name = "Max Supply Current"; Value = "80uA"; VariantName = "[No Variations]"
Add component (AddParameter): Name = "Max Supply Voltage"; Value = "5.5V"; VariantName = "[No Variations]"
Add component (AddParameter): Name = "Min Operating Temperature"; Value = "-40°C"; VariantName = "[No Variations]"
Add component (AddParameter): Name = "Min Supply Voltage"; Value = "4.5V"; VariantName = "[No Variations]"
Add component (AddParameter): Name = "Mount"; Value = "Surface Mount"; VariantName = "[No Variations]"
Add component (AddParameter): Name = "Number of Bits"; Value = "8"; VariantName = "[No Variations]"
Add component (AddParameter): Name = "Number of Channels"; Value = "8"; VariantName = "[No Variations]"
Add component (AddParameter): Name = "Number of Circuits"; Value = "8"; VariantName = "[No Variations]"
Add component (AddParameter): Name = "Number of Elements"; Value = "1"; VariantName = "[No Variations]"
Add component (AddParameter): Name = "Number of Outputs"; Value = "8"; VariantName = "[No Variations]"
Add component (AddParameter): Name = "Number of Pins"; Value = "24"; VariantName = "[No Variations]"
Add component (AddParameter): Name = "Operating Supply Voltage"; Value = "5V"; VariantName = "[No Variations]"
Add component (AddParameter): Name = "Output Type"; Value = "Voltage"; VariantName = "[No Variations]"
Add component (AddParameter): Name = "Package Quantity"; Value = "25"; VariantName = "[No Variations]"
Add component (AddParameter): Name = "Packaging"; Value = "Rail/Tube"; VariantName = "[No Variations]"
Add component (AddParameter): Name = "Polarity"; Value = "Non-Inverting"; VariantName = "[No Variations]"
Add component (AddParameter): Name = "Propagation Delay"; Value = "9.8ns"; VariantName = "[No Variations]"
Add component (AddParameter): Name = "Quiescent Current"; Value = "80uA"; VariantName = "[No Variations]"
Add component (AddParameter): Name = "Radiation Hardening"; Value = "No"; VariantName = "[No Variations]"
Add component (AddParameter): Name = "REACH SVHC"; Value = "No SVHC"; VariantName = "[No Variations]"
Add component (AddParameter): Name = "RoHS Compliant"; Value = "Yes"; VariantName = "[No Variations]"
Add component (AddParameter): Name = "Series"; Value = "74LVC"; VariantName = "[No Variations]"
Add component (AddParameter): Name = "Technology"; Value = "CMOS"; VariantName = "[No Variations]"
Add component (AddParameter): Name = "Turn-On Delay Time"; Value = "6.7ns"; VariantName = "[No Variations]"
Add component (AddParameter): Name = "Weight"; Value = "0.022025oz"; VariantName = "[No Variations]"
Add component (AddParameter): Name = "Width"; Value = "7.52mm"; VariantName = "[No Variations]"
Added Component: Designator=X12(2EDGR-5.08-08P)
Add component (AddParameter): Name = "CommentText"; Value = ""Ðàçúåì""; VariantName = "[No Variations]"
Add component (AddParameter): Name = "CurrentMax"; Value = "3A"; VariantName = "[No Variations]"
Add component (AddParameter): Name = "HelpURL"; Value = "https://www.chipdip.ru/product/pbs-6"; VariantName = "[No Variations]"
Add component (AddParameter): Name = "Manufacturer"; Value = "Connfly"; VariantName = "[No Variations]"
Add component (AddParameter): Name = "Multichannel"; Value = "6pin"; VariantName = "[No Variations]"
Add component (AddParameter): Name = "PartNumber"; Value = "PBS-6"; VariantName = "[No Variations]"
Add component (AddParameter): Name = "Pitch"; Value = "2.54mm"; VariantName = "[No Variations]"
Add component (AddParameter): Name = "TypeConnector"; Value = "Connector"; VariantName = "[No Variations]"
Add component (AddParameter): Name = "ValueManufacturerPartNumber"; Value = "Connector, 6pin, 2.54mm, 500VAC, 3A"; VariantName = "[No Variations]"
Add component (AddParameter): Name = "VoltageMax"; Value = "500VAC"; VariantName = "[No Variations]"
Added Component: Designator=X13(2EDGR-5.08-08P)
Add component (AddParameter): Name = "CommentText"; Value = ""Ðàçúåì""; VariantName = "[No Variations]"
Add component (AddParameter): Name = "CurrentMax"; Value = "3A"; VariantName = "[No Variations]"
Add component (AddParameter): Name = "HelpURL"; Value = "https://www.chipdip.ru/product/pbs-6"; VariantName = "[No Variations]"
Add component (AddParameter): Name = "Manufacturer"; Value = "Connfly"; VariantName = "[No Variations]"
Add component (AddParameter): Name = "Multichannel"; Value = "6pin"; VariantName = "[No Variations]"
Add component (AddParameter): Name = "PartNumber"; Value = "PBS-6"; VariantName = "[No Variations]"
Add component (AddParameter): Name = "Pitch"; Value = "2.54mm"; VariantName = "[No Variations]"
Add component (AddParameter): Name = "TypeConnector"; Value = "Connector"; VariantName = "[No Variations]"
Add component (AddParameter): Name = "ValueManufacturerPartNumber"; Value = "Connector, 6pin, 2.54mm, 500VAC, 3A"; VariantName = "[No Variations]"
Add component (AddParameter): Name = "VoltageMax"; Value = "500VAC"; VariantName = "[No Variations]"
Added Pin To Net: NetName=+3V3 Pin=C17-2
Added Pin To Net: NetName=NetC19_1 Pin=IC?-1
Added Pin To Net: NetName=NetC20_1 Pin=IC?-3
Added Pin To Net: NetName=GND Pin=IC?-7
Added Pin To Net: NetName=+3V3 Pin=IC?-14
Added Pin To Net: NetName=+12 Pin=K8-2
Added Pin To Net: NetName=NetR9_1 Pin=R9-1
Added Pin To Net: NetName=NetR9_2 Pin=R9-2
Added Pin To Net: NetName=GND Pin=U1-9
Added Pin To Net: NetName=+12 Pin=U1-10
Added Pin To Net: NetName=NetK7_1 Pin=U1-12
Added Pin To Net: NetName=NetK6_1 Pin=U1-13
Added Pin To Net: NetName=NetK5_1 Pin=U1-14
Added Pin To Net: NetName=NetK4_1 Pin=U1-15
Added Pin To Net: NetName=NetK3_1 Pin=U1-16
Added Pin To Net: NetName=NetK2_1 Pin=U1-17
Added Pin To Net: NetName=NetK1_1 Pin=U1-18
Added Pin To Net: NetName=NetU3_5 Pin=U3-5
Added Pin To Net: NetName=USB.D_N Pin=U3-70
Added Pin To Net: NetName=USB.D_P Pin=U3-71
Added Pin To Net: NetName=NetR9_1 Pin=U4-17
Added Pin To Net: NetName=GND Pin=X12-2
Added Pin To Net: NetName=GND Pin=X12-4
Added Pin To Net: NetName=GND Pin=X12-6
Added Pin To Net: NetName=GND Pin=X12-8
Added Pin To Net: NetName=NetR9_2 Pin=X13-1
Added Pin To Net: NetName=GND Pin=X13-2
Added Pin To Net: NetName=GND Pin=X13-4
Added Pin To Net: NetName=GND Pin=X13-6
Added Pin To Net: NetName=GND Pin=X13-8
Change Net Name : Old Net Name=NetC4_2 New Net Name=NetC3_2
Change Net Name : Old Net Name=NetC5_2 New Net Name=NetC4_2
Change Net Name : Old Net Name=NetC19_1 New Net Name=NetC15_1
Change Net Name : Old Net Name=NetC20_1 New Net Name=NetC16_1
Change Net Name : Old Net Name=NetC?_2 New Net Name=NetC1_2
Change Net Name : Old Net Name=NetL?_2 New Net Name=NetL2_2
Change Net Name : Old Net Name=NetR5_1 New Net Name=NetR1_1
Change Net Name : Old Net Name=NetR7_1 New Net Name=NetR3_1
Change Net Name : Old Net Name=NetU4_12 New Net Name=NetU3_12
Added Pin To Net: NetName=NetC5_2 Pin=C5-2
Added Pin To Net: NetName=NetC5_2 Pin=U3-14
Added Pin To Net: NetName=NetC5_2 Pin=X15-15
Added Net: Name=NetC5_2
Added Pin To Net: NetName=NetIC?_2 Pin=IC?-2
Added Pin To Net: NetName=NetIC?_2 Pin=U3-15
Added Net: Name=NetIC?_2
Added Pin To Net: NetName=NetIC?_4 Pin=IC?-4
Added Pin To Net: NetName=NetIC?_4 Pin=U3-16
Added Net: Name=NetIC?_4
Added Pin To Net: NetName=NetK8_1 Pin=K8-1
Added Pin To Net: NetName=NetK8_1 Pin=U1-11
Added Net: Name=NetK8_1
Added Pin To Net: NetName=NetK8_3 Pin=K8-3
Added Pin To Net: NetName=NetK8_3 Pin=K8-3
Added Pin To Net: NetName=NetK8_3 Pin=X9-1
Added Net: Name=NetK8_3
Added Pin To Net: NetName=NetK8_4 Pin=K8-4
Added Pin To Net: NetName=NetK8_4 Pin=K8-4
Added Pin To Net: NetName=NetK8_4 Pin=X9-2
Added Net: Name=NetK8_4
Added Pin To Net: NetName=NetK8_5 Pin=K8-5
Added Pin To Net: NetName=NetK8_5 Pin=K8-5
Added Pin To Net: NetName=NetK8_5 Pin=X9-3
Added Net: Name=NetK8_5
Added Pin To Net: NetName=NetR5_1 Pin=R5-1
Added Pin To Net: NetName=NetR5_1 Pin=U4-21
Added Net: Name=NetR5_1
Added Pin To Net: NetName=NetR5_2 Pin=R5-2
Added Pin To Net: NetName=NetR5_2 Pin=X12-1
Added Net: Name=NetR5_2
Added Pin To Net: NetName=NetR6_1 Pin=R6-1
Added Pin To Net: NetName=NetR6_1 Pin=U4-20
Added Net: Name=NetR6_1
Added Pin To Net: NetName=NetR6_2 Pin=R6-2
Added Pin To Net: NetName=NetR6_2 Pin=X12-3
Added Net: Name=NetR6_2
Added Pin To Net: NetName=NetR7_1 Pin=R7-1
Added Pin To Net: NetName=NetR7_1 Pin=U4-19
Added Net: Name=NetR7_1
Added Pin To Net: NetName=NetR7_2 Pin=R7-2
Added Pin To Net: NetName=NetR7_2 Pin=X12-5
Added Net: Name=NetR7_2
Added Pin To Net: NetName=NetR8_1 Pin=R8-1
Added Pin To Net: NetName=NetR8_1 Pin=U4-18
Added Net: Name=NetR8_1
Added Pin To Net: NetName=NetR8_2 Pin=R8-2
Added Pin To Net: NetName=NetR8_2 Pin=X12-7
Added Net: Name=NetR8_2
Added Pin To Net: NetName=NetR10_1 Pin=R10-1
Added Pin To Net: NetName=NetR10_1 Pin=U4-16
Added Net: Name=NetR10_1
Added Pin To Net: NetName=NetR10_2 Pin=R10-2
Added Pin To Net: NetName=NetR10_2 Pin=X13-3
Added Net: Name=NetR10_2
Added Pin To Net: NetName=NetR11_1 Pin=R11-1
Added Pin To Net: NetName=NetR11_1 Pin=U4-15
Added Net: Name=NetR11_1
Added Pin To Net: NetName=NetR11_2 Pin=R11-2
Added Pin To Net: NetName=NetR11_2 Pin=X13-5
Added Net: Name=NetR11_2
Added Pin To Net: NetName=NetR12_1 Pin=R12-1
Added Pin To Net: NetName=NetR12_1 Pin=U4-14
Added Net: Name=NetR12_1
Added Pin To Net: NetName=NetR12_2 Pin=R12-2
Added Pin To Net: NetName=NetR12_2 Pin=X13-7
Added Net: Name=NetR12_2
Added Pin To Net: NetName=NetR13_1 Pin=R13-1
Added Pin To Net: NetName=NetR13_1 Pin=U3-90
Added Pin To Net: NetName=NetR13_1 Pin=X15-3
Added Net: Name=NetR13_1
Added Pin To Net: NetName=NetR14_1 Pin=R14-1
Added Pin To Net: NetName=NetR14_1 Pin=U3-77
Added Pin To Net: NetName=NetR14_1 Pin=X15-5
Added Net: Name=NetR14_1
Added Pin To Net: NetName=NetR15_1 Pin=R15-1
Added Pin To Net: NetName=NetR15_1 Pin=U3-72
Added Pin To Net: NetName=NetR15_1 Pin=X15-7
Added Net: Name=NetR15_1
Added Pin To Net: NetName=NetR16_1 Pin=R16-1
Added Pin To Net: NetName=NetR16_1 Pin=U3-89
Added Pin To Net: NetName=NetR16_1 Pin=X15-13
Added Net: Name=NetR16_1
Added Pin To Net: NetName=NetR17_2 Pin=R17-2
Added Pin To Net: NetName=NetR17_2 Pin=U3-76
Added Pin To Net: NetName=NetR17_2 Pin=X15-9
Added Net: Name=NetR17_2
Added Pin To Net: NetName=NetU1_8 Pin=U1-8
Added Pin To Net: NetName=NetU1_8 Pin=U3-54
Added Net: Name=NetU1_8
Added Pin To Net: NetName=NetU2_20 Pin=U2-20
Added Pin To Net: NetName=NetU2_20 Pin=X4-2
Added Net: Name=NetU2_20
Added Pin To Net: NetName=NetU2_21 Pin=U2-21
Added Pin To Net: NetName=NetU2_21 Pin=X4-1
Added Net: Name=NetU2_21
Added Pin To Net: NetName=NetU3_1 Pin=U3-1
Added Net: Name=NetU3_1
Added Pin To Net: NetName=NetU3_2 Pin=U3-2
Added Net: Name=NetU3_2
Added Pin To Net: NetName=NetU3_3 Pin=U3-3
Added Net: Name=NetU3_3
Added Pin To Net: NetName=NetU3_4 Pin=U3-4
Added Net: Name=NetU3_4
Added Pin To Net: NetName=NetU3_38 Pin=U3-38
Added Net: Name=NetU3_38
Added Pin To Net: NetName=NetU3_97 Pin=U3-97
Added Net: Name=NetU3_97
Added Pin To Net: NetName=NetU3_98 Pin=U3-98
Added Net: Name=NetU3_98
Added Member To Class: ClassName=MCU Member=Component C1 Ceramic capacitor, 0.1 uF, X7R, ±10%, 16V, 0805, -55...+125°C
Added Member To Class: ClassName=Power_Supply Member=Component C20 Aluminium capacitor, 680?F, 25V, ±20%, 54mOhm, 14x10x5 mm, -55...+105°C
Added Member To Class: ClassName=Ext_PTT_and_Indication Member=Component IC? SN74AHC14DRG3
Added Member To Class: ClassName=Relay Member=Component K8 Electromechanics relay, 3VDC, 125VAC, 2A, 2NO+2NC, -40...+85°C
Added Member To Class: ClassName=Ext_PTT_and_Indication Member=Component R6 Resistor film, 220R, , 1206, 0.25W, -55...+125°C
Added Member To Class: ClassName=Ext_PTT_and_Indication Member=Component R7 Resistor film, 220R, , 1206, 0.25W, -55...+125°C
Added Member To Class: ClassName=Ext_PTT_and_Indication Member=Component R8 Resistor film, 220R, , 1206, 0.25W, -55...+125°C
Added Member To Class: ClassName=Ext_PTT_and_Indication Member=Component R10 Resistor film, 220R, , 1206, 0.25W, -55...+125°C
Added Member To Class: ClassName=Ext_PTT_and_Indication Member=Component R11 Resistor film, 220R, , 1206, 0.25W, -55...+125°C
Added Member To Class: ClassName=Ext_PTT_and_Indication Member=Component R12 Resistor film, 220R, , 1206, 0.25W, -55...+125°C
Added Member To Class: ClassName=JTAG_Connector Member=Component R13 Resistor film, 10k, ±5%, 0805, 0.125W, -55...+125°C
Added Member To Class: ClassName=JTAG_Connector Member=Component R14 Resistor film, 10k, ±5%, 0805, 0.125W, -55...+125°C
Added Member To Class: ClassName=JTAG_Connector Member=Component R15 Resistor film, 10k, ±5%, 0805, 0.125W, -55...+125°C
Added Member To Class: ClassName=JTAG_Connector Member=Component R16 Resistor film, 10k, ±5%, 0805, 0.125W, -55...+125°C
Added Member To Class: ClassName=JTAG_Connector Member=Component R17 Resistor film, 10k, ±5%, 0805, 0.125W, -55...+125°C
Added Member To Class: ClassName=Ext_PTT_and_Indication Member=Component U4 SN74LVC4245ADW
Added Member To Class: ClassName=MCU Member=Component X10 USB mini B
Added Member To Class: ClassName=Ext_PTT_and_Indication Member=Component X12 Connector, 6pin, 2.54mm, 500VAC, 3A
Added Member To Class: ClassName=Ext_PTT_and_Indication Member=Component X13 Connector, 6pin, 2.54mm, 500VAC, 3A
