Removed Member From Class: ClassName=MCU Member=C18
Change Component Footprint: Designator=VD1 Old Footprint=DIODE: SMA New Footprint=DIODE: SOD123
Change Component Footprint: Designator=VD2 Old Footprint=DIODE: SMA New Footprint=DIODE: SOD123
Added Component: Designator=X12(2EDGR-5.08-08P)
Add component (AddParameter): Name = "CommentText"; Value = ""Ðàçúåì""; VariantName = "[No Variations]"
Add component (AddParameter): Name = "CurrentMax"; Value = "3A"; VariantName = "[No Variations]"
Add component (AddParameter): Name = "HelpURL"; Value = "https://www.chipdip.ru/product/pbs-6"; VariantName = "[No Variations]"
Add component (AddParameter): Name = "Manufacturer"; Value = "Connfly"; VariantName = "[No Variations]"
Add component (AddParameter): Name = "Multichannel"; Value = "6pin"; VariantName = "[No Variations]"
Add component (AddParameter): Name = "PartNumber"; Value = "PBS-6"; VariantName = "[No Variations]"
Add component (AddParameter): Name = "Pitch"; Value = "2.54mm"; VariantName = "[No Variations]"
Add component (AddParameter): Name = "TypeConnector"; Value = "Connector"; VariantName = "[No Variations]"
Add component (AddParameter): Name = "ValueManufacturerPartNumber"; Value = "Connector, 6pin, 2.54mm, 500VAC, 3A"; VariantName = "[No Variations]"
Add component (AddParameter): Name = "VoltageMax"; Value = "500VAC"; VariantName = "[No Variations]"
Added Component: Designator=X13(2EDGR-5.08-08P)
Add component (AddParameter): Name = "CommentText"; Value = ""Ðàçúåì""; VariantName = "[No Variations]"
Add component (AddParameter): Name = "CurrentMax"; Value = "3A"; VariantName = "[No Variations]"
Add component (AddParameter): Name = "HelpURL"; Value = "https://www.chipdip.ru/product/pbs-6"; VariantName = "[No Variations]"
Add component (AddParameter): Name = "Manufacturer"; Value = "Connfly"; VariantName = "[No Variations]"
Add component (AddParameter): Name = "Multichannel"; Value = "6pin"; VariantName = "[No Variations]"
Add component (AddParameter): Name = "PartNumber"; Value = "PBS-6"; VariantName = "[No Variations]"
Add component (AddParameter): Name = "Pitch"; Value = "2.54mm"; VariantName = "[No Variations]"
Add component (AddParameter): Name = "TypeConnector"; Value = "Connector"; VariantName = "[No Variations]"
Add component (AddParameter): Name = "ValueManufacturerPartNumber"; Value = "Connector, 6pin, 2.54mm, 500VAC, 3A"; VariantName = "[No Variations]"
Add component (AddParameter): Name = "VoltageMax"; Value = "500VAC"; VariantName = "[No Variations]"
Added Pin To Net: NetName=NetR5_2 Pin=X12-1
Added Pin To Net: NetName=GND Pin=X12-2
Added Pin To Net: NetName=NetR6_2 Pin=X12-3
Added Pin To Net: NetName=GND Pin=X12-4
Added Pin To Net: NetName=NetR7_2 Pin=X12-5
Added Pin To Net: NetName=GND Pin=X12-6
Added Pin To Net: NetName=NetR8_2 Pin=X12-7
Added Pin To Net: NetName=GND Pin=X12-8
Added Pin To Net: NetName=NetR9_2 Pin=X13-1
Added Pin To Net: NetName=GND Pin=X13-2
Added Pin To Net: NetName=NetR10_2 Pin=X13-3
Added Pin To Net: NetName=GND Pin=X13-4
Added Pin To Net: NetName=NetR11_2 Pin=X13-5
Added Pin To Net: NetName=GND Pin=X13-6
Added Pin To Net: NetName=NetR12_2 Pin=X13-7
Added Pin To Net: NetName=GND Pin=X13-8
Added Member To Class: ClassName=MCU Member=Component C3 Ceramic capacitor, 22 pF, X7R, ±10%, 16V, 0805, -55...+125°C
Added Member To Class: ClassName=MCU Member=Component C4 Ceramic capacitor, 10 uF, X7R, ±10%, 16V, 0805, -55...+125°C
Added Member To Class: ClassName=MCU Member=Component C6 Ceramic capacitor, 0.1 uF, X7R, ±10%, 16V, 0805, -55...+125°C
Added Member To Class: ClassName=MCU Member=Component C7 Ceramic capacitor, 0.1?F, X7R, ±10%, 16V, 0805, -55...+125°C
Added Member To Class: ClassName=MCU Member=Component C8 Ceramic capacitor, 0.1?F, X7R, ±10%, 16V, 0805, -55...+125°C
Added Member To Class: ClassName=MCU Member=Component C9 Ceramic capacitor, 0.1?F, X7R, ±10%, 16V, 0805, -55...+125°C
Added Member To Class: ClassName=MCU Member=Component C10 Ceramic capacitor, 0.1?F, X7R, ±10%, 16V, 0805, -55...+125°C
Added Member To Class: ClassName=MCU Member=Component C12 Ceramic capacitor, 0.1?F, X7R, ±10%, 16V, 0805, -55...+125°C
Added Member To Class: ClassName=MCU Member=Component C13 Ceramic capacitor, 0.1?F, X7R, ±10%, 16V, 0805, -55...+125°C
Added Member To Class: ClassName=MCU Member=Component C14 Ceramic capacitor, 0.1?F, X7R, ±10%, 16V, 0805, -55...+125°C
Added Member To Class: ClassName=Ext_PTT_and_Indication Member=Component C16 Ceramic capacitor, 1?F, X7R, ±10%, 50V, 1206, -55...+125°C
Added Member To Class: ClassName=Ext_PTT_and_Indication Member=Component C17 Ceramic capacitor, 1?F, X7R, ±10%, 50V, 1206, -55...+125°C
Added Member To Class: ClassName=Power_Supply Member=Component C19 Aluminium capacitor, 220?F, 25V, ±20%, 54mOhm, 14x10x5 mm, -55...+105°C
Added Member To Class: ClassName=Power_Supply Member=Component C21 Aluminium capacitor, 680?F, 25V, ±20%, 54mOhm, 14x10x5 mm, -55...+105°C
Added Member To Class: ClassName=Power_Supply Member=Component C22 Aluminium capacitor, 680?F, 25V, ±20%, 54mOhm, 14x10x5 mm, -55...+105°C
Added Member To Class: ClassName=Ext_PTT_and_Indication Member=Component X12 Connector, 6pin, 2.54mm, 500VAC, 3A
Added Member To Class: ClassName=Ext_PTT_and_Indication Member=Component X13 Connector, 6pin, 2.54mm, 500VAC, 3A
Added Room: Name=Ext_PTT_and_Indication
Added Room: Name=JTAG_Connector
Added Room: Name=MCU
Added Room: Name=Power_Supply
Added Room: Name=Relay
