Removed Pin From Net: NetName=+12 Pin=C1-1
Removed Pin From Net: NetName=GND Pin=C1-2
Removed Pin From Net: NetName=GND Pin=C2-2
Removed Pin From Net: NetName=GND Pin=C8-2
Removed Pin From Net: NetName=+12 Pin=C9-1
Removed Pin From Net: NetName=GND Pin=C9-2
Removed Pin From Net: NetName=GND Pin=C10-1
Removed Pin From Net: NetName=GND Pin=DA2-7
Removed Pin From Net: NetName=+12 Pin=L3-1
Removed Pin From Net: NetName=GND Pin=R1-1
Removed Pin From Net: NetName=+12 Pin=U1-1
Removed Pin From Net: NetName=GND Pin=U1-3
Removed Pin From Net: NetName=GND Pin=U1-5
Removed Pin From Net: NetName=GND Pin=U1-6
Removed Pin From Net: NetName=GND Pin=VD1-1
Removed Pin From Net: NetName=GND Pin=X1-2
Removed Pin From Net: NetName=GND Pin=X2-2
Removed Pin From Net: NetName=+5 Pin=X3-1
Removed Pin From Net: NetName=GND Pin=X3-4
Removed Pin From Net: NetName=GND Pin=X3-5
Removed Pin From Net: NetName=GND Pin=X3-6
Removed Pin From Net: NetName=+5 Pin=X5-1
Removed Pin From Net: NetName=GND Pin=X5-2
Removed Pin From Net: NetName=+5 Pin=X6-1
Removed Pin From Net: NetName=GND Pin=X6-2
Removed Pin From Net: NetName=+12 Pin=X7-1
Removed Pin From Net: NetName=GND Pin=X7-2
Removed Member From Class: ClassName=Seq Member=C1
Removed Member From Class: ClassName=Seq Member=C2
Removed Member From Class: ClassName=Seq Member=C7
Removed Member From Class: ClassName=Seq Member=C8
Removed Member From Class: ClassName=Seq Member=C9
Removed Member From Class: ClassName=Seq Member=C10
Removed Member From Class: ClassName=Seq Member=DA2
Removed Member From Class: ClassName=Seq Member=L1
Removed Member From Class: ClassName=Seq Member=L3
Removed Member From Class: ClassName=Seq Member=R1
Removed Member From Class: ClassName=Seq Member=R2
Removed Member From Class: ClassName=Seq Member=U1
Removed Member From Class: ClassName=Seq Member=VD1
Removed Member From Class: ClassName=Seq Member=X1
Removed Member From Class: ClassName=Seq Member=X2
Removed Member From Class: ClassName=Seq Member=X3
Removed Member From Class: ClassName=MCU Member=X5
Removed Member From Class: ClassName=Seq Member=X5
Removed Member From Class: ClassName=MCU Member=X6
Removed Member From Class: ClassName=Seq Member=X6
Added Component: Designator=C?(RAD-0.2)
Add component (AddParameter): Name = "HelpURL"; Value = "https://www.digikey.com/product-detail/en/yageo/CC1206KRX7R9BB104/311-1179-1-ND/303089"; VariantName = "[No Variations]"
Add component (AddParameter): Name = "Manufacturer"; Value = "Yageo"; VariantName = "[No Variations]"
Add component (AddParameter): Name = "Package"; Value = "1206"; VariantName = "[No Variations]"
Add component (AddParameter): Name = "PartNumber"; Value = "CC1206KRX7R9BB104"; VariantName = "[No Variations]"
Add component (AddParameter): Name = "Temperature"; Value = "-55...+125°C"; VariantName = "[No Variations]"
Add component (AddParameter): Name = "Tolerance"; Value = "±10%"; VariantName = "[No Variations]"
Add component (AddParameter): Name = "TypeCapacitor"; Value = "Ceramic capacitor"; VariantName = "[No Variations]"
Add component (AddParameter): Name = "TypeDielectric"; Value = "X7R"; VariantName = "[No Variations]"
Add component (AddParameter): Name = "Value"; Value = "0.1?F"; VariantName = "[No Variations]"
Add component (AddParameter): Name = "ValueManufacturerPartNumber"; Value = "Ceramic capacitor, 0.1?F, X7R, ±10%, 50V, 1206, -55...+125°C"; VariantName = "[No Variations]"
Add component (AddParameter): Name = "Voltage"; Value = "50V"; VariantName = "[No Variations]"
Added Pin To Net: NetName=+12 Pin=C3-1
Added Pin To Net: NetName=GND Pin=C3-2
Added Pin To Net: NetName=GND Pin=C?-1
Added Pin To Net: NetName=+5 Pin=C?-2
Added Pin To Net: NetName=+12 Pin=DA1-1
Added Pin To Net: NetName=GND Pin=DA1-2
Added Pin To Net: NetName=+12 Pin=X4-1
Added Pin To Net: NetName=GND Pin=X4-2
Added Member To Class: ClassName=MCU Member=Component C? Ceramic capacitor, 0.1?F, X7R, ±10%, 50V, 1206, -55...+125°C
Added Member To Class: ClassName=MCU Member=Component K7 Electromechanics relay, 3VDC, 125VAC, 2A, 2NO+2NC, -40...+85°C
Added Member To Class: ClassName=MCU Member=Component X8 Connector, 10pin, 2.54mm, 500VAC, 3A
Added Member To Class: ClassName=MCU Member=Component X9 Connector, 6pin, 2.54mm, 500VAC, 3A
Added Member To Class: ClassName=MCU Member=Component X10 Connector, 6pin, 2.54mm, 500VAC, 3A
Added Member To Class: ClassName=MCU Member=Component X11 Connector, 6pin, 2.54mm, 500VAC, 3A
Added Member To Class: ClassName=MCU Member=Component X12 Connector, 6pin, 2.54mm, 500VAC, 3A
Added Member To Class: ClassName=MCU Member=Component X13 Connector, 6pin, 2.54mm, 500VAC, 3A
Added Member To Class: ClassName=MCU Member=Component X14 Connector, 6pin, 2.54mm, 500VAC, 3A
