Removed Pin From Net: NetName=NetA1_7 Pin=IC1-2
Removed Pin From Net: NetName=+5 Pin=U2-2
Removed Pin From Net: NetName=GND Pin=U2-4
Removed Pin From Net: NetName=NetA1_14 Pin=X8-1
Removed Pin From Net: NetName=NetA1_15 Pin=X8-2
Removed Pin From Net: NetName=NetA1_16 Pin=X9-1
Removed Pin From Net: NetName=NetA1_17 Pin=X9-2
Change Component Footprint: Designator=U2 Old Footprint=SOT-23-OT5_L New Footprint=STM-DIP-16L
Change Component Comment : Designator=U2 Old Comment=MCP1415T-E/OT New Comment=ULN2003A
Change Managed Component Library Link : Designator=U2 Old VaultGUID=B7D15EC3-160A-466F-A46C-7801FE6295A7 New VaultGUID=B7D15EC3-160A-466F-A46C-7801FE6295A7 Old ItemGUID=931D1746-DCC5-447B-86D8-F956033407C8 New ItemGUID=DC556E24-AD00-42F1-902D-8ECBDD4F8D42 Old RevisionGUID=9E45BAC3-1EC6-424B-9AD2-81E3C9495E6C New RevisionGUID=E471A7F3-B427-4DC3-A1CE-7B40A9E304E4
Change component parameters: Designator = "U2" ("U2"); Footprint = "SOT-23-OT5_L"; UniqueID = "\QIOCSTXC" ("\QIOCSTXC")
Change component parameters (AddParameter): Name = "Automotive Qualification Standard"; Value = "-"; VariantName = "[No Variations]"
Change component parameters (AddParameter): Name = "Collector Emitter Voltage V(br)ceo"; Value = "50V"; VariantName = "[No Variations]"
Change component parameters (AddParameter): Name = "Datasheet URL"; Value = "http://www2.st.com/content/ccc/resource/technical/document/datasheet/f3/6e/c8/64/4d/b3/4e/38/CD00001244.pdf/files/CD00001244.pdf/jcr:content/translations/en.CD00001244.pdf"; VariantName = "[No Variations]"
Change component parameters (AddParameter): Name = "Datasheet Version"; Value = "Rev. 8, 06/2012"; VariantName = "[No Variations]"
Change component parameters (AddParameter): Name = "DC Collector Current"; Value = "500mA"; VariantName = "[No Variations]"
Change component parameters (AddParameter): Name = "DC Current Gain hFE"; Value = "1000hFE"; VariantName = "[No Variations]"
Change component parameters (AddParameter): Name = "Manufacturer"; Value = "STMicroelectronics"; VariantName = "[No Variations]"
Change component parameters (AddParameter): Name = "Manufacturer URL"; Value = "http://www.st.com/"; VariantName = "[No Variations]"
Change component parameters (AddParameter): Name = "Mounting Technology"; Value = "ThroughHole"; VariantName = "[No Variations]"
Change component parameters (AddParameter): Name = "MSL"; Value = "MSL2-1year"; VariantName = "[No Variations]"
Change component parameters (AddParameter): Name = "No. of Pins"; Value = "16Pins"; VariantName = "[No Variations]"
Change component parameters (AddParameter): Name = "Operating Temperature Max"; Value = "85°C"; VariantName = "[No Variations]"
Change component parameters (AddParameter): Name = "Output Current"; Value = "0.5A"; VariantName = "[No Variations]"
Change component parameters (AddParameter): Name = "Package Description"; Value = "16-Pin DIP, Body 19.7 x 7.1 mm, Pitch 2.54 mm"; VariantName = "[No Variations]"
Change component parameters (AddParameter): Name = "Package Reference"; Value = "DIP-16L"; VariantName = "[No Variations]"
Change component parameters (AddParameter): Name = "PartNumber"; Value = "ULN2003A"; VariantName = "[No Variations]"
Change component parameters (AddParameter): Name = "Power Dissipation Pd"; Value = "-"; VariantName = "[No Variations]"
Change component parameters (AddParameter): Name = "Product Range"; Value = "-"; VariantName = "[No Variations]"
Change component parameters (AddParameter): Name = "SVHC"; Value = "NoSVHC(17-Dec-2015)"; VariantName = "[No Variations]"
Change component parameters (AddParameter): Name = "Transistor Case Style"; Value = "DIP"; VariantName = "[No Variations]"
Change component parameters (AddParameter): Name = "Transistor Polarity"; Value = "NPN"; VariantName = "[No Variations]"
Change component parameters (AddParameter): Name = "VOUT"; Value = "50V"; VariantName = "[No Variations]"
Added Component: Designator=K1(R2G1CH012)
Add component (AddParameter): Name = "HelpURL"; Value = "https://www.digikey.com/product-detail/en/omron-electronics-inc-emc-div/G5V-2-DC3/Z2185-ND/369042"; VariantName = "[No Variations]"
Add component (AddParameter): Name = "Manufacturer"; Value = "Omron"; VariantName = "[No Variations]"
Add component (AddParameter): Name = "MaxCurrent"; Value = "2A"; VariantName = "[No Variations]"
Add component (AddParameter): Name = "Package"; Value = "2NO+2NC"; VariantName = "[No Variations]"
Add component (AddParameter): Name = "PartNumber"; Value = "R2G1CH012"; VariantName = "[No Variations]"
Add component (AddParameter): Name = "Temperature"; Value = "-40...+85°C"; VariantName = "[No Variations]"
Add component (AddParameter): Name = "TypeRelay"; Value = "Electromechanics relay"; VariantName = "[No Variations]"
Add component (AddParameter): Name = "ValueManufacturerPartNumber"; Value = "Electromechanics relay, 3VDC, 125VAC, 2A, 2NO+2NC, -40...+85°C"; VariantName = "[No Variations]"
Add component (AddParameter): Name = "VoltageControlCoil"; Value = "3VDC"; VariantName = "[No Variations]"
Add component (AddParameter): Name = "VoltageMax"; Value = "125VAC"; VariantName = "[No Variations]"
Added Component: Designator=K2(R2G1CH012)
Add component (AddParameter): Name = "HelpURL"; Value = "https://www.digikey.com/product-detail/en/omron-electronics-inc-emc-div/G5V-2-DC3/Z2185-ND/369042"; VariantName = "[No Variations]"
Add component (AddParameter): Name = "Manufacturer"; Value = "Omron"; VariantName = "[No Variations]"
Add component (AddParameter): Name = "MaxCurrent"; Value = "2A"; VariantName = "[No Variations]"
Add component (AddParameter): Name = "Package"; Value = "2NO+2NC"; VariantName = "[No Variations]"
Add component (AddParameter): Name = "PartNumber"; Value = "R2G1CH012"; VariantName = "[No Variations]"
Add component (AddParameter): Name = "Temperature"; Value = "-40...+85°C"; VariantName = "[No Variations]"
Add component (AddParameter): Name = "TypeRelay"; Value = "Electromechanics relay"; VariantName = "[No Variations]"
Add component (AddParameter): Name = "ValueManufacturerPartNumber"; Value = "Electromechanics relay, 3VDC, 125VAC, 2A, 2NO+2NC, -40...+85°C"; VariantName = "[No Variations]"
Add component (AddParameter): Name = "VoltageControlCoil"; Value = "3VDC"; VariantName = "[No Variations]"
Add component (AddParameter): Name = "VoltageMax"; Value = "125VAC"; VariantName = "[No Variations]"
Added Component: Designator=K3(R2G1CH012)
Add component (AddParameter): Name = "HelpURL"; Value = "https://www.digikey.com/product-detail/en/omron-electronics-inc-emc-div/G5V-2-DC3/Z2185-ND/369042"; VariantName = "[No Variations]"
Add component (AddParameter): Name = "Manufacturer"; Value = "Omron"; VariantName = "[No Variations]"
Add component (AddParameter): Name = "MaxCurrent"; Value = "2A"; VariantName = "[No Variations]"
Add component (AddParameter): Name = "Package"; Value = "2NO+2NC"; VariantName = "[No Variations]"
Add component (AddParameter): Name = "PartNumber"; Value = "R2G1CH012"; VariantName = "[No Variations]"
Add component (AddParameter): Name = "Temperature"; Value = "-40...+85°C"; VariantName = "[No Variations]"
Add component (AddParameter): Name = "TypeRelay"; Value = "Electromechanics relay"; VariantName = "[No Variations]"
Add component (AddParameter): Name = "ValueManufacturerPartNumber"; Value = "Electromechanics relay, 3VDC, 125VAC, 2A, 2NO+2NC, -40...+85°C"; VariantName = "[No Variations]"
Add component (AddParameter): Name = "VoltageControlCoil"; Value = "3VDC"; VariantName = "[No Variations]"
Add component (AddParameter): Name = "VoltageMax"; Value = "125VAC"; VariantName = "[No Variations]"
Added Component: Designator=K4(R2G1CH012)
Add component (AddParameter): Name = "HelpURL"; Value = "https://www.digikey.com/product-detail/en/omron-electronics-inc-emc-div/G5V-2-DC3/Z2185-ND/369042"; VariantName = "[No Variations]"
Add component (AddParameter): Name = "Manufacturer"; Value = "Omron"; VariantName = "[No Variations]"
Add component (AddParameter): Name = "MaxCurrent"; Value = "2A"; VariantName = "[No Variations]"
Add component (AddParameter): Name = "Package"; Value = "2NO+2NC"; VariantName = "[No Variations]"
Add component (AddParameter): Name = "PartNumber"; Value = "R2G1CH012"; VariantName = "[No Variations]"
Add component (AddParameter): Name = "Temperature"; Value = "-40...+85°C"; VariantName = "[No Variations]"
Add component (AddParameter): Name = "TypeRelay"; Value = "Electromechanics relay"; VariantName = "[No Variations]"
Add component (AddParameter): Name = "ValueManufacturerPartNumber"; Value = "Electromechanics relay, 3VDC, 125VAC, 2A, 2NO+2NC, -40...+85°C"; VariantName = "[No Variations]"
Add component (AddParameter): Name = "VoltageControlCoil"; Value = "3VDC"; VariantName = "[No Variations]"
Add component (AddParameter): Name = "VoltageMax"; Value = "125VAC"; VariantName = "[No Variations]"
Added Component: Designator=K5(R2G1CH012)
Add component (AddParameter): Name = "HelpURL"; Value = "https://www.digikey.com/product-detail/en/omron-electronics-inc-emc-div/G5V-2-DC3/Z2185-ND/369042"; VariantName = "[No Variations]"
Add component (AddParameter): Name = "Manufacturer"; Value = "Omron"; VariantName = "[No Variations]"
Add component (AddParameter): Name = "MaxCurrent"; Value = "2A"; VariantName = "[No Variations]"
Add component (AddParameter): Name = "Package"; Value = "2NO+2NC"; VariantName = "[No Variations]"
Add component (AddParameter): Name = "PartNumber"; Value = "R2G1CH012"; VariantName = "[No Variations]"
Add component (AddParameter): Name = "Temperature"; Value = "-40...+85°C"; VariantName = "[No Variations]"
Add component (AddParameter): Name = "TypeRelay"; Value = "Electromechanics relay"; VariantName = "[No Variations]"
Add component (AddParameter): Name = "ValueManufacturerPartNumber"; Value = "Electromechanics relay, 3VDC, 125VAC, 2A, 2NO+2NC, -40...+85°C"; VariantName = "[No Variations]"
Add component (AddParameter): Name = "VoltageControlCoil"; Value = "3VDC"; VariantName = "[No Variations]"
Add component (AddParameter): Name = "VoltageMax"; Value = "125VAC"; VariantName = "[No Variations]"
Added Component: Designator=K6(R2G1CH012)
Add component (AddParameter): Name = "HelpURL"; Value = "https://www.digikey.com/product-detail/en/omron-electronics-inc-emc-div/G5V-2-DC3/Z2185-ND/369042"; VariantName = "[No Variations]"
Add component (AddParameter): Name = "Manufacturer"; Value = "Omron"; VariantName = "[No Variations]"
Add component (AddParameter): Name = "MaxCurrent"; Value = "2A"; VariantName = "[No Variations]"
Add component (AddParameter): Name = "Package"; Value = "2NO+2NC"; VariantName = "[No Variations]"
Add component (AddParameter): Name = "PartNumber"; Value = "R2G1CH012"; VariantName = "[No Variations]"
Add component (AddParameter): Name = "Temperature"; Value = "-40...+85°C"; VariantName = "[No Variations]"
Add component (AddParameter): Name = "TypeRelay"; Value = "Electromechanics relay"; VariantName = "[No Variations]"
Add component (AddParameter): Name = "ValueManufacturerPartNumber"; Value = "Electromechanics relay, 3VDC, 125VAC, 2A, 2NO+2NC, -40...+85°C"; VariantName = "[No Variations]"
Add component (AddParameter): Name = "VoltageControlCoil"; Value = "3VDC"; VariantName = "[No Variations]"
Add component (AddParameter): Name = "VoltageMax"; Value = "125VAC"; VariantName = "[No Variations]"
Added Component: Designator=K7(R2G1CH012)
Add component (AddParameter): Name = "HelpURL"; Value = "https://www.digikey.com/product-detail/en/omron-electronics-inc-emc-div/G5V-2-DC3/Z2185-ND/369042"; VariantName = "[No Variations]"
Add component (AddParameter): Name = "Manufacturer"; Value = "Omron"; VariantName = "[No Variations]"
Add component (AddParameter): Name = "MaxCurrent"; Value = "2A"; VariantName = "[No Variations]"
Add component (AddParameter): Name = "Package"; Value = "2NO+2NC"; VariantName = "[No Variations]"
Add component (AddParameter): Name = "PartNumber"; Value = "R2G1CH012"; VariantName = "[No Variations]"
Add component (AddParameter): Name = "Temperature"; Value = "-40...+85°C"; VariantName = "[No Variations]"
Add component (AddParameter): Name = "TypeRelay"; Value = "Electromechanics relay"; VariantName = "[No Variations]"
Add component (AddParameter): Name = "ValueManufacturerPartNumber"; Value = "Electromechanics relay, 3VDC, 125VAC, 2A, 2NO+2NC, -40...+85°C"; VariantName = "[No Variations]"
Add component (AddParameter): Name = "VoltageControlCoil"; Value = "3VDC"; VariantName = "[No Variations]"
Add component (AddParameter): Name = "VoltageMax"; Value = "125VAC"; VariantName = "[No Variations]"
Added Component: Designator=U3(SOT-23-OT5_L)
Add component (AddParameter): Name = "Code_IPC"; Value = "SOT23-5"; VariantName = "[No Variations]"
Add component (AddParameter): Name = "DatasheetVersion"; Value = "revC, Dec-2008"; VariantName = "[No Variations]"
Add component (AddParameter): Name = "PackageDescription"; Value = "5-Lead Plastic Small Outline Transistor (OT) [SOT-23]"; VariantName = "[No Variations]"
Add component (AddParameter): Name = "PackageReference"; Value = "SOT-23-OT5"; VariantName = "[No Variations]"
Add component (AddParameter): Name = "PackageVersion"; Value = "revBB, Aug-2009"; VariantName = "[No Variations]"
Added Component: Designator=U4(SOT-23-OT5_L)
Add component (AddParameter): Name = "Code_IPC"; Value = "SOT23-5"; VariantName = "[No Variations]"
Add component (AddParameter): Name = "DatasheetVersion"; Value = "revC, Dec-2008"; VariantName = "[No Variations]"
Add component (AddParameter): Name = "PackageDescription"; Value = "5-Lead Plastic Small Outline Transistor (OT) [SOT-23]"; VariantName = "[No Variations]"
Add component (AddParameter): Name = "PackageReference"; Value = "SOT-23-OT5"; VariantName = "[No Variations]"
Add component (AddParameter): Name = "PackageVersion"; Value = "revBB, Aug-2009"; VariantName = "[No Variations]"
Added Component: Designator=VT2(SOIC-8)
Add component (AddParameter): Name = "Published"; Value = "24.11.2016"; VariantName = "[No Variations]"
Add component (AddParameter): Name = "Publisher"; Value = "Andrew Danich"; VariantName = "[No Variations]"
Add component (AddParameter): Name = "Type"; Value = "Ñáîðêà òðàíçèñòîðíàÿ"; VariantName = "[No Variations]"
Added Component: Designator=X14(2EDGR-5.08-03P)
Add component (AddParameter): Name = "CommentText"; Value = ""Ðàçúåì""; VariantName = "[No Variations]"
Add component (AddParameter): Name = "CurrentMax"; Value = "3A"; VariantName = "[No Variations]"
Add component (AddParameter): Name = "HelpURL"; Value = "https://www.chipdip.ru/product/pbs-6"; VariantName = "[No Variations]"
Add component (AddParameter): Name = "Manufacturer"; Value = "Connfly"; VariantName = "[No Variations]"
Add component (AddParameter): Name = "Multichannel"; Value = "6pin"; VariantName = "[No Variations]"
Add component (AddParameter): Name = "PartNumber"; Value = "PBS-6"; VariantName = "[No Variations]"
Add component (AddParameter): Name = "Pitch"; Value = "2.54mm"; VariantName = "[No Variations]"
Add component (AddParameter): Name = "TypeConnector"; Value = "Connector"; VariantName = "[No Variations]"
Add component (AddParameter): Name = "ValueManufacturerPartNumber"; Value = "Connector, 6pin, 2.54mm, 500VAC, 3A"; VariantName = "[No Variations]"
Add component (AddParameter): Name = "VoltageMax"; Value = "500VAC"; VariantName = "[No Variations]"
Added Pin To Net: NetName=NetA1_7 Pin=U2-1
Added Pin To Net: NetName=+5 Pin=U3-2
Added Pin To Net: NetName=GND Pin=U3-4
Added Pin To Net: NetName=+5 Pin=U4-2
Added Pin To Net: NetName=GND Pin=U4-4
Added Pin To Net: NetName=NetA1_16 Pin=X8-1
Added Pin To Net: NetName=NetA1_17 Pin=X8-2
Added Pin To Net: NetName=NetA1_14 Pin=X9-1
Added Pin To Net: NetName=NetA1_15 Pin=X9-2
Added Pin To Net: NetName=GND Pin=X14-3
Added Pin To Net: NetName=NetA1_1 Pin=A1-1
Added Pin To Net: NetName=NetA1_1 Pin=U2-7
Added Net: Name=NetA1_1
Added Pin To Net: NetName=NetA1_2 Pin=A1-2
Added Pin To Net: NetName=NetA1_2 Pin=U2-6
Added Net: Name=NetA1_2
Added Pin To Net: NetName=NetA1_3 Pin=A1-3
Added Pin To Net: NetName=NetA1_3 Pin=U2-5
Added Net: Name=NetA1_3
Added Pin To Net: NetName=NetA1_4 Pin=A1-4
Added Pin To Net: NetName=NetA1_4 Pin=U2-4
Added Net: Name=NetA1_4
Added Pin To Net: NetName=NetA1_5 Pin=A1-5
Added Pin To Net: NetName=NetA1_5 Pin=U2-3
Added Net: Name=NetA1_5
Added Pin To Net: NetName=NetA1_6 Pin=A1-6
Added Pin To Net: NetName=NetA1_6 Pin=U2-2
Added Net: Name=NetA1_6
Added Pin To Net: NetName=NetA1_30 Pin=A1-30
Added Pin To Net: NetName=NetA1_30 Pin=U3-3
Added Net: Name=NetA1_30
Added Pin To Net: NetName=NetA1_32 Pin=A1-32
Added Pin To Net: NetName=NetA1_32 Pin=U4-3
Added Net: Name=NetA1_32
Added Pin To Net: NetName=NetA1_AD8 Pin=A1-AD8
Added Pin To Net: NetName=NetA1_AD8 Pin=IC1-2
Added Net: Name=NetA1_AD8
Added Pin To Net: NetName=NetA1_AD9 Pin=A1-AD9
Added Pin To Net: NetName=NetA1_AD9 Pin=IC1-4
Added Net: Name=NetA1_AD9
Added Pin To Net: NetName=NetK1_1 Pin=K1-1
Added Pin To Net: NetName=NetK1_1 Pin=U2-16
Added Net: Name=NetK1_1
Added Pin To Net: NetName=NetK2_1 Pin=K2-1
Added Pin To Net: NetName=NetK2_1 Pin=U2-15
Added Net: Name=NetK2_1
Added Pin To Net: NetName=NetK3_1 Pin=K3-1
Added Pin To Net: NetName=NetK3_1 Pin=U2-14
Added Net: Name=NetK3_1
Added Pin To Net: NetName=NetK4_1 Pin=K4-1
Added Pin To Net: NetName=NetK4_1 Pin=U2-13
Added Net: Name=NetK4_1
Added Pin To Net: NetName=NetK5_1 Pin=K5-1
Added Pin To Net: NetName=NetK5_1 Pin=U2-12
Added Net: Name=NetK5_1
Added Pin To Net: NetName=NetK6_1 Pin=K6-1
Added Pin To Net: NetName=NetK6_1 Pin=U2-11
Added Net: Name=NetK6_1
Added Pin To Net: NetName=NetK7_1 Pin=K7-1
Added Pin To Net: NetName=NetK7_1 Pin=U2-10
Added Net: Name=NetK7_1
Added Pin To Net: NetName=NetU3_5 Pin=U3-5
Added Pin To Net: NetName=NetU3_5 Pin=VT1-2
Added Net: Name=NetU3_5
Added Pin To Net: NetName=NetU4_5 Pin=U4-5
Added Pin To Net: NetName=NetU4_5 Pin=VT2-2
Added Net: Name=NetU4_5
Added Pin To Net: NetName=NetVT2_1 Pin=VT2-1
Added Pin To Net: NetName=NetVT2_1 Pin=VT2-1
Added Pin To Net: NetName=NetVT2_1 Pin=VT2-1
Added Pin To Net: NetName=NetVT2_1 Pin=X14-2
Added Net: Name=NetVT2_1
Added Pin To Net: NetName=NetVT2_3 Pin=VT2-3
Added Pin To Net: NetName=NetVT2_3 Pin=VT2-3
Added Pin To Net: NetName=NetVT2_3 Pin=VT2-3
Added Pin To Net: NetName=NetVT2_3 Pin=VT2-3
Added Pin To Net: NetName=NetVT2_3 Pin=X14-1
Added Net: Name=NetVT2_3
Change Class Name : Old Net Name=Power New Net Name=Seq
Added Member To Class: ClassName=Seq Member=Component DA1 SDM30-24S5
Added Member To Class: ClassName=MCU Member=Component K1 Electromechanics relay, 3VDC, 125VAC, 2A, 2NO+2NC, -40...+85°C
Added Member To Class: ClassName=MCU Member=Component K2 Electromechanics relay, 3VDC, 125VAC, 2A, 2NO+2NC, -40...+85°C
Added Member To Class: ClassName=MCU Member=Component K3 Electromechanics relay, 3VDC, 125VAC, 2A, 2NO+2NC, -40...+85°C
Added Member To Class: ClassName=MCU Member=Component K4 Electromechanics relay, 3VDC, 125VAC, 2A, 2NO+2NC, -40...+85°C
Added Member To Class: ClassName=MCU Member=Component K5 Electromechanics relay, 3VDC, 125VAC, 2A, 2NO+2NC, -40...+85°C
Added Member To Class: ClassName=MCU Member=Component K6 Electromechanics relay, 3VDC, 125VAC, 2A, 2NO+2NC, -40...+85°C
Added Member To Class: ClassName=MCU Member=Component K7 Electromechanics relay, 3VDC, 125VAC, 2A, 2NO+2NC, -40...+85°C
Added Member To Class: ClassName=MCU Member=Component U3 MCP1415T-E/OT
Added Member To Class: ClassName=MCU Member=Component U4 MCP1415T-E/OT
Added Member To Class: ClassName=MCU Member=Component VT2 AO4405
Added Member To Class: ClassName=MCU Member=Component X14 Connector, 6pin, 2.54mm, 500VAC, 3A
Added Room: Name=MCU
Added Room: Name=Seq
