Removed Pin From Net: NetName=NetR7_1 Pin=U3-1
Removed Pin From Net: NetName=NetR8_1 Pin=U3-2
Removed Pin From Net: NetName=NetR9_1 Pin=U3-3
Removed Pin From Net: NetName=NetR10_1 Pin=U3-4
Removed Pin From Net: NetName=NetR11_1 Pin=U3-5
Removed Pin From Net: NetName=NetR12_1 Pin=U3-38
Removed Pin From Net: NetName=NetR5_1 Pin=U3-97
Removed Pin From Net: NetName=NetR6_1 Pin=U3-98
Added Pin To Net: NetName=NetR5_1 Pin=U3-78
Added Pin To Net: NetName=NetR6_1 Pin=U3-79
Added Pin To Net: NetName=NetR7_1 Pin=U3-80
Added Pin To Net: NetName=NetR8_1 Pin=U3-81
Added Pin To Net: NetName=NetR9_1 Pin=U3-82
Added Pin To Net: NetName=NetR10_1 Pin=U3-83
Added Pin To Net: NetName=NetR11_1 Pin=U3-84
Added Pin To Net: NetName=NetR12_1 Pin=U3-85
Added Room: Name=Ext_PTT_and_Indication
Added Room: Name=JTAG_Connector
Added Room: Name=MCU
Added Room: Name=Power_Supply
Added Room: Name=Relay
