Removed Pin From Net: NetName=NetC15_1 Pin=C15-1
Removed Pin From Net: NetName=GND Pin=C15-2
Removed Pin From Net: NetName=NetC16_1 Pin=C16-1
Removed Pin From Net: NetName=GND Pin=C16-2
Change Component Footprint: Designator=VD1 Old Footprint=DIOAD1165W56L425D185 New Footprint=DIODE: SMA
Change Component Footprint: Designator=VD2 Old Footprint=DIOAD1165W56L425D185 New Footprint=DIODE: SMA
Change Component Footprint: Designator=C15 Old Footprint=RAD-0.2 New Footprint=CAP: 1206
Change Component Footprint: Designator=C16 Old Footprint=RAD-0.2 New Footprint=CAP: 1206
Change Component Footprint: Designator=C17 Old Footprint=RAD-0.2 New Footprint=CAP: 1206
Change Component Designator: OldDesignator=C19 NewDesignator=C20
Change Component Designator: OldDesignator=C20 NewDesignator=C21
Change Component Designator: OldDesignator=C21 NewDesignator=C22
Change Component Designator: OldDesignator=U5 NewDesignator=U4
Change Component Designator: OldDesignator=U6 NewDesignator=U5
Change Component Designator: OldDesignator=X4 NewDesignator=X5
Change Component Designator: OldDesignator=X5 NewDesignator=X4
Added Component: Designator=C19(CAP: 1206)
Add component (AddParameter): Name = "HelpURL"; Value = "https://www.digikey.com/product-detail/en/yageo/CC1206KRX7R9BB104/311-1179-1-ND/303089"; VariantName = "[No Variations]"
Add component (AddParameter): Name = "Manufacturer"; Value = "Yageo"; VariantName = "[No Variations]"
Add component (AddParameter): Name = "Package"; Value = "1206"; VariantName = "[No Variations]"
Add component (AddParameter): Name = "PartNumber"; Value = "CC1206KRX7R9BB104"; VariantName = "[No Variations]"
Add component (AddParameter): Name = "Temperature"; Value = "-55...+125°C"; VariantName = "[No Variations]"
Add component (AddParameter): Name = "Tolerance"; Value = "±10%"; VariantName = "[No Variations]"
Add component (AddParameter): Name = "TypeCapacitor"; Value = "Ceramic capacitor"; VariantName = "[No Variations]"
Add component (AddParameter): Name = "TypeDielectric"; Value = "X7R"; VariantName = "[No Variations]"
Add component (AddParameter): Name = "Value"; Value = "0.1?F"; VariantName = "[No Variations]"
Add component (AddParameter): Name = "ValueManufacturerPartNumber"; Value = "Ceramic capacitor, 0.1?F, X7R, ±10%, 50V, 1206, -55...+125°C"; VariantName = "[No Variations]"
Add component (AddParameter): Name = "Voltage"; Value = "50V"; VariantName = "[No Variations]"
Added Component: Designator=C23(CAP: 1206)
Add component (AddParameter): Name = "HelpURL"; Value = "https://www.digikey.com/product-detail/en/yageo/CC1206KRX7R9BB104/311-1179-1-ND/303089"; VariantName = "[No Variations]"
Add component (AddParameter): Name = "Manufacturer"; Value = "Yageo"; VariantName = "[No Variations]"
Add component (AddParameter): Name = "Package"; Value = "1206"; VariantName = "[No Variations]"
Add component (AddParameter): Name = "PartNumber"; Value = "CC1206KRX7R9BB104"; VariantName = "[No Variations]"
Add component (AddParameter): Name = "Temperature"; Value = "-55...+125°C"; VariantName = "[No Variations]"
Add component (AddParameter): Name = "Tolerance"; Value = "±10%"; VariantName = "[No Variations]"
Add component (AddParameter): Name = "TypeCapacitor"; Value = "Ceramic capacitor"; VariantName = "[No Variations]"
Add component (AddParameter): Name = "TypeDielectric"; Value = "X7R"; VariantName = "[No Variations]"
Add component (AddParameter): Name = "Value"; Value = "0.1?F"; VariantName = "[No Variations]"
Add component (AddParameter): Name = "ValueManufacturerPartNumber"; Value = "Ceramic capacitor, 0.1?F, X7R, ±10%, 50V, 1206, -55...+125°C"; VariantName = "[No Variations]"
Add component (AddParameter): Name = "Voltage"; Value = "50V"; VariantName = "[No Variations]"
Added Pin To Net: NetName=GND Pin=C15-1
Added Pin To Net: NetName=NetC15_1 Pin=C15-2
Added Pin To Net: NetName=GND Pin=C16-1
Added Pin To Net: NetName=NetC16_1 Pin=C16-2
Added Pin To Net: NetName=GND Pin=C19-1
Added Pin To Net: NetName=+3V3 Pin=C19-2
Added Pin To Net: NetName=GND Pin=C23-1
Added Pin To Net: NetName=+5 Pin=C23-2
Change Net Name : Old Net Name=NetC15_1 New Net Name=NetC15_2
Change Net Name : Old Net Name=NetC16_1 New Net Name=NetC16_2
Added Member To Class: ClassName=Power_Supply Member=Component C22 Aluminium capacitor, 220?F, 25V, ±20%, 54mOhm, 14x10x5 mm, -55...+105°C
Added Member To Class: ClassName=Power_Supply Member=Component C23 Ceramic capacitor, 0.1?F, X7R, ±10%, 50V, 1206, -55...+125°C
Added Room: Name=Ext_PTT_and_Indication
Added Room: Name=JTAG_Connector
Added Room: Name=MCU
Added Room: Name=Power_Supply
Added Room: Name=Relay
