Change Component DesignItemId : Designator=C4 Old DesignItemId=Ceramic_0805 New DesignItemId=Ceramic_1206
Change Component Footprint: Designator=C4 Old Footprint=CAP: 0805 New Footprint=CAP: 1206
Change Component Comment : Designator=C4 Old Comment=Ceramic capacitor, 0.1 uF, X7R, ±10%, 16V, 0805, -55...+125°C New Comment=Ceramic capacitor, 0.1?F, X7R, ±10%, 50V, 1206, -55...+125°C
Change component parameters: Designator = "C4" ("C4"); Footprint = "CAP: 0805"; UniqueID = "\HGDSBZDG" ("\HGDSBZDG")
Change component parameters (AddParameter): Name = "HelpURL"; Value = "https://www.digikey.com/product-detail/en/yageo/CC1206KRX7R9BB104/311-1179-1-ND/303089"; VariantName = "[No Variations]"
Change component parameters (AddParameter): Name = "Manufacturer"; Value = "Yageo"; VariantName = "[No Variations]"
Change component parameters (AddParameter): Name = "Package"; Value = "1206"; VariantName = "[No Variations]"
Change component parameters (AddParameter): Name = "PartNumber"; Value = "CC1206KRX7R9BB104"; VariantName = "[No Variations]"
Change component parameters (AddParameter): Name = "Temperature"; Value = "-55...+125°C"; VariantName = "[No Variations]"
Change component parameters (AddParameter): Name = "Tolerance"; Value = "±10%"; VariantName = "[No Variations]"
Change component parameters (AddParameter): Name = "TypeCapacitor"; Value = "Ceramic capacitor"; VariantName = "[No Variations]"
Change component parameters (AddParameter): Name = "TypeDielectric"; Value = "X7R"; VariantName = "[No Variations]"
Change component parameters (AddParameter): Name = "Value"; Value = "0.1?F"; VariantName = "[No Variations]"
Change component parameters (AddParameter): Name = "ValueManufacturerPartNumber"; Value = "Ceramic capacitor, 0.1?F, X7R, ±10%, 50V, 1206, -55...+125°C"; VariantName = "[No Variations]"
Change component parameters (AddParameter): Name = "Voltage"; Value = "50V"; VariantName = "[No Variations]"
Added Member To Class: ClassName=Shift_Regs Member=Component C35 Ceramic capacitor, 0.1?F, X7R, ±10%, 50V, 1206, -55...+125°C
Added Room: Name=Ext_PTT_and_Indication
Added Room: Name=JTAG_Connector
Added Room: Name=MCU
Added Room: Name=Power_Supply
Added Room: Name=Relay
Added Room: Name=Shift_Regs
